{"C:\\college\\Legalworkflowanddeadlinemgt\\Legalworkflow\\App.js": {"path":"C:\\college\\Legalworkflowanddeadlinemgt\\Legalworkflow\\App.js","statementMap":{"0":{"start":{"line":24,"column":14},"end":{"line":24,"column":42}},"1":{"start":{"line":27,"column":28},"end":{"line":27,"column":36}},"2":{"start":{"line":29,"column":2},"end":{"line":29,"column":27}},"3":{"start":{"line":29,"column":15},"end":{"line":29,"column":27}},"4":{"start":{"line":31,"column":2},"end":{"line":59,"column":4}},"5":{"start":{"line":63,"column":2},"end":{"line":69,"column":4}}},"fnMap":{"0":{"name":"Navigation","decl":{"start":{"line":26,"column":9},"end":{"line":26,"column":19}},"loc":{"start":{"line":26,"column":22},"end":{"line":60,"column":1}},"line":26},"1":{"name":"App","decl":{"start":{"line":62,"column":24},"end":{"line":62,"column":27}},"loc":{"start":{"line":62,"column":30},"end":{"line":70,"column":1}},"line":62}},"branchMap":{"0":{"loc":{"start":{"line":29,"column":2},"end":{"line":29,"column":27}},"type":"if","locations":[{"start":{"line":29,"column":2},"end":{"line":29,"column":27}},{"start":{},"end":{}}],"line":29},"1":{"loc":{"start":{"line":35,"column":9},"end":{"line":56,"column":9}},"type":"cond-expr","locations":[{"start":{"line":36,"column":10},"end":{"line":39,"column":13}},{"start":{"line":41,"column":10},"end":{"line":55,"column":13}}],"line":35}},"s":{"0":0,"1":0,"2":0,"3":0,"4":0,"5":0},"f":{"0":0,"1":0},"b":{"0":[0,0],"1":[0,0]}}
,"C:\\college\\Legalworkflowanddeadlinemgt\\Legalworkflow\\index.js": {"path":"C:\\college\\Legalworkflowanddeadlinemgt\\Legalworkflow\\index.js","statementMap":{"0":{"start":{"line":8,"column":0},"end":{"line":8,"column":27}}},"fnMap":{},"branchMap":{},"s":{"0":0},"f":{},"b":{}}
,"C:\\college\\Legalworkflowanddeadlinemgt\\Legalworkflow\\components\\CaseCard.js": {"path":"C:\\college\\Legalworkflowanddeadlinemgt\\Legalworkflow\\components\\CaseCard.js","statementMap":{"0":{"start":{"line":7,"column":2},"end":{"line":7,"column":47}},"1":{"start":{"line":7,"column":27},"end":{"line":7,"column":47}},"2":{"start":{"line":8,"column":2},"end":{"line":8,"column":51}},"3":{"start":{"line":8,"column":29},"end":{"line":8,"column":51}},"4":{"start":{"line":9,"column":2},"end":{"line":9,"column":26}},"5":{"start":{"line":13,"column":19},"end":{"line":13,"column":33}},"6":{"start":{"line":14,"column":2},"end":{"line":14,"column":63}},"7":{"start":{"line":14,"column":51},"end":{"line":14,"column":63}},"8":{"start":{"line":15,"column":2},"end":{"line":16,"column":100}},"9":{"start":{"line":16,"column":4},"end":{"line":16,"column":100}},"10":{"start":{"line":17,"column":2},"end":{"line":18,"column":79}},"11":{"start":{"line":18,"column":4},"end":{"line":18,"column":79}},"12":{"start":{"line":19,"column":2},"end":{"line":20,"column":87}},"13":{"start":{"line":20,"column":4},"end":{"line":20,"column":87}},"14":{"start":{"line":21,"column":2},"end":{"line":22,"column":87}},"15":{"start":{"line":22,"column":4},"end":{"line":22,"column":87}},"16":{"start":{"line":23,"column":2},"end":{"line":23,"column":85}},"17":{"start":{"line":28,"column":17},"end":{"line":28,"column":21}},"18":{"start":{"line":29,"column":2},"end":{"line":39,"column":3}},"19":{"start":{"line":30,"column":16},"end":{"line":30,"column":36}},"20":{"start":{"line":31,"column":4},"end":{"line":38,"column":5}},"21":{"start":{"line":32,"column":18},"end":{"line":32,"column":28}},"22":{"start":{"line":33,"column":6},"end":{"line":33,"column":31}},"23":{"start":{"line":34,"column":16},"end":{"line":34,"column":29}},"24":{"start":{"line":35,"column":6},"end":{"line":35,"column":29}},"25":{"start":{"line":36,"column":19},"end":{"line":36,"column":84}},"26":{"start":{"line":37,"column":6},"end":{"line":37,"column":66}},"27":{"start":{"line":41,"column":16},"end":{"line":41,"column":38}},"28":{"start":{"line":43,"column":2},"end":{"line":71,"column":4}},"29":{"start":{"line":74,"column":15},"end":{"line":131,"column":2}}},"fnMap":{"0":{"name":"priorityColor","decl":{"start":{"line":6,"column":9},"end":{"line":6,"column":22}},"loc":{"start":{"line":6,"column":33},"end":{"line":10,"column":1}},"line":6},"1":{"name":"urgencyBadge","decl":{"start":{"line":12,"column":9},"end":{"line":12,"column":21}},"loc":{"start":{"line":12,"column":28},"end":{"line":24,"column":1}},"line":12},"2":{"name":"CaseCard","decl":{"start":{"line":26,"column":24},"end":{"line":26,"column":32}},"loc":{"start":{"line":26,"column":64},"end":{"line":72,"column":1}},"line":26}},"branchMap":{"0":{"loc":{"start":{"line":7,"column":2},"end":{"line":7,"column":47}},"type":"if","locations":[{"start":{"line":7,"column":2},"end":{"line":7,"column":47}},{"start":{},"end":{}}],"line":7},"1":{"loc":{"start":{"line":8,"column":2},"end":{"line":8,"column":51}},"type":"if","locations":[{"start":{"line":8,"column":2},"end":{"line":8,"column":51}},{"start":{},"end":{}}],"line":8},"2":{"loc":{"start":{"line":14,"column":2},"end":{"line":14,"column":63}},"type":"if","locations":[{"start":{"line":14,"column":2},"end":{"line":14,"column":63}},{"start":{},"end":{}}],"line":14},"3":{"loc":{"start":{"line":14,"column":6},"end":{"line":14,"column":49}},"type":"binary-expr","locations":[{"start":{"line":14,"column":6},"end":{"line":14,"column":28}},{"start":{"line":14,"column":32},"end":{"line":14,"column":49}}],"line":14},"4":{"loc":{"start":{"line":15,"column":2},"end":{"line":16,"column":100}},"type":"if","locations":[{"start":{"line":15,"column":2},"end":{"line":16,"column":100}},{"start":{},"end":{}}],"line":15},"5":{"loc":{"start":{"line":15,"column":6},"end":{"line":15,"column":35}},"type":"binary-expr","locations":[{"start":{"line":15,"column":6},"end":{"line":15,"column":19}},{"start":{"line":15,"column":23},"end":{"line":15,"column":35}}],"line":15},"6":{"loc":{"start":{"line":17,"column":2},"end":{"line":18,"column":79}},"type":"if","locations":[{"start":{"line":17,"column":2},"end":{"line":18,"column":79}},{"start":{},"end":{}}],"line":17},"7":{"loc":{"start":{"line":19,"column":2},"end":{"line":20,"column":87}},"type":"if","locations":[{"start":{"line":19,"column":2},"end":{"line":20,"column":87}},{"start":{},"end":{}}],"line":19},"8":{"loc":{"start":{"line":21,"column":2},"end":{"line":22,"column":87}},"type":"if","locations":[{"start":{"line":21,"column":2},"end":{"line":22,"column":87}},{"start":{},"end":{}}],"line":21},"9":{"loc":{"start":{"line":29,"column":2},"end":{"line":39,"column":3}},"type":"if","locations":[{"start":{"line":29,"column":2},"end":{"line":39,"column":3}},{"start":{},"end":{}}],"line":29},"10":{"loc":{"start":{"line":31,"column":4},"end":{"line":38,"column":5}},"type":"if","locations":[{"start":{"line":31,"column":4},"end":{"line":38,"column":5}},{"start":{},"end":{}}],"line":31},"11":{"loc":{"start":{"line":47,"column":11},"end":{"line":47,"column":45}},"type":"binary-expr","locations":[{"start":{"line":47,"column":11},"end":{"line":47,"column":26}},{"start":{"line":47,"column":30},"end":{"line":47,"column":45}}],"line":47},"12":{"loc":{"start":{"line":50,"column":45},"end":{"line":50,"column":70}},"type":"binary-expr","locations":[{"start":{"line":50,"column":45},"end":{"line":50,"column":58}},{"start":{"line":50,"column":62},"end":{"line":50,"column":70}}],"line":50},"13":{"loc":{"start":{"line":54,"column":7},"end":{"line":54,"column":76}},"type":"binary-expr","locations":[{"start":{"line":54,"column":7},"end":{"line":54,"column":19}},{"start":{"line":54,"column":23},"end":{"line":54,"column":76}}],"line":54},"14":{"loc":{"start":{"line":55,"column":7},"end":{"line":55,"column":85}},"type":"binary-expr","locations":[{"start":{"line":55,"column":7},"end":{"line":55,"column":24}},{"start":{"line":55,"column":28},"end":{"line":55,"column":85}}],"line":55},"15":{"loc":{"start":{"line":58,"column":41},"end":{"line":58,"column":153}},"type":"cond-expr","locations":[{"start":{"line":58,"column":66},"end":{"line":58,"column":83}},{"start":{"line":58,"column":86},"end":{"line":58,"column":153}}],"line":58},"16":{"loc":{"start":{"line":58,"column":86},"end":{"line":58,"column":153}},"type":"cond-expr","locations":[{"start":{"line":58,"column":113},"end":{"line":58,"column":132}},{"start":{"line":58,"column":135},"end":{"line":58,"column":153}}],"line":58},"17":{"loc":{"start":{"line":59,"column":43},"end":{"line":59,"column":64}},"type":"binary-expr","locations":[{"start":{"line":59,"column":43},"end":{"line":59,"column":54}},{"start":{"line":59,"column":58},"end":{"line":59,"column":64}}],"line":59},"18":{"loc":{"start":{"line":62,"column":9},"end":{"line":68,"column":9}},"type":"binary-expr","locations":[{"start":{"line":62,"column":9},"end":{"line":62,"column":14}},{"start":{"line":63,"column":10},"end":{"line":67,"column":17}}],"line":62}},"s":{"0":0,"1":0,"2":0,"3":0,"4":0,"5":0,"6":0,"7":0,"8":0,"9":0,"10":0,"11":0,"12":0,"13":0,"14":0,"15":0,"16":0,"17":0,"18":0,"19":0,"20":0,"21":0,"22":0,"23":0,"24":0,"25":0,"26":0,"27":0,"28":0,"29":0},"f":{"0":0,"1":0,"2":0},"b":{"0":[0,0],"1":[0,0],"2":[0,0],"3":[0,0],"4":[0,0],"5":[0,0],"6":[0,0],"7":[0,0],"8":[0,0],"9":[0,0],"10":[0,0],"11":[0,0],"12":[0,0],"13":[0,0],"14":[0,0],"15":[0,0],"16":[0,0],"17":[0,0],"18":[0,0]}}
,"C:\\college\\Legalworkflowanddeadlinemgt\\Legalworkflow\\components\\ClientCard.js": {"path":"C:\\college\\Legalworkflowanddeadlinemgt\\Legalworkflow\\components\\ClientCard.js","statementMap":{"0":{"start":{"line":6,"column":2},"end":{"line":14,"column":4}},"1":{"start":{"line":17,"column":15},"end":{"line":29,"column":2}}},"fnMap":{"0":{"name":"ClientCard","decl":{"start":{"line":5,"column":24},"end":{"line":5,"column":34}},"loc":{"start":{"line":5,"column":54},"end":{"line":15,"column":1}},"line":5}},"branchMap":{"0":{"loc":{"start":{"line":11,"column":7},"end":{"line":11,"column":75}},"type":"binary-expr","locations":[{"start":{"line":11,"column":7},"end":{"line":11,"column":19}},{"start":{"line":11,"column":23},"end":{"line":11,"column":75}}],"line":11},"1":{"loc":{"start":{"line":12,"column":7},"end":{"line":12,"column":75}},"type":"binary-expr","locations":[{"start":{"line":12,"column":7},"end":{"line":12,"column":19}},{"start":{"line":12,"column":23},"end":{"line":12,"column":75}}],"line":12}},"s":{"0":0,"1":0},"f":{"0":0},"b":{"0":[0,0],"1":[0,0]}}
,"C:\\college\\Legalworkflowanddeadlinemgt\\Legalworkflow\\components\\Header.js": {"path":"C:\\college\\Legalworkflowanddeadlinemgt\\Legalworkflow\\components\\Header.js","statementMap":{"0":{"start":{"line":10,"column":17},"end":{"line":10,"column":36}},"1":{"start":{"line":12,"column":2},"end":{"line":34,"column":4}},"2":{"start":{"line":37,"column":15},"end":{"line":77,"column":2}}},"fnMap":{"0":{"name":"Header","decl":{"start":{"line":9,"column":24},"end":{"line":9,"column":30}},"loc":{"start":{"line":9,"column":87},"end":{"line":35,"column":1}},"line":9}},"branchMap":{"0":{"loc":{"start":{"line":15,"column":9},"end":{"line":21,"column":9}},"type":"cond-expr","locations":[{"start":{"line":16,"column":10},"end":{"line":18,"column":29}},{"start":{"line":20,"column":10},"end":{"line":20,"column":45}}],"line":15},"1":{"loc":{"start":{"line":25,"column":9},"end":{"line":31,"column":9}},"type":"cond-expr","locations":[{"start":{"line":26,"column":10},"end":{"line":28,"column":29}},{"start":{"line":30,"column":10},"end":{"line":30,"column":45}}],"line":25}},"s":{"0":0,"1":0,"2":0},"f":{"0":0},"b":{"0":[0,0],"1":[0,0]}}
,"C:\\college\\Legalworkflowanddeadlinemgt\\Legalworkflow\\components\\SearchBar.js": {"path":"C:\\college\\Legalworkflowanddeadlinemgt\\Legalworkflow\\components\\SearchBar.js","statementMap":{"0":{"start":{"line":9,"column":2},"end":{"line":22,"column":4}},"1":{"start":{"line":25,"column":15},"end":{"line":40,"column":2}}},"fnMap":{"0":{"name":"SearchBar","decl":{"start":{"line":8,"column":24},"end":{"line":8,"column":33}},"loc":{"start":{"line":8,"column":94},"end":{"line":23,"column":1}},"line":8}},"branchMap":{"0":{"loc":{"start":{"line":8,"column":57},"end":{"line":8,"column":90}},"type":"default-arg","locations":[{"start":{"line":8,"column":71},"end":{"line":8,"column":90}}],"line":8},"1":{"loc":{"start":{"line":36,"column":21},"end":{"line":36,"column":52}},"type":"cond-expr","locations":[{"start":{"line":36,"column":45},"end":{"line":36,"column":47}},{"start":{"line":36,"column":50},"end":{"line":36,"column":52}}],"line":36}},"s":{"0":0,"1":0},"f":{"0":0},"b":{"0":[0],"1":[0,0]}}
,"C:\\college\\Legalworkflowanddeadlinemgt\\Legalworkflow\\components\\TaskItem.js": {"path":"C:\\college\\Legalworkflowanddeadlinemgt\\Legalworkflow\\components\\TaskItem.js","statementMap":{"0":{"start":{"line":6,"column":2},"end":{"line":21,"column":4}},"1":{"start":{"line":24,"column":15},"end":{"line":57,"column":2}}},"fnMap":{"0":{"name":"TaskItem","decl":{"start":{"line":5,"column":24},"end":{"line":5,"column":32}},"loc":{"start":{"line":5,"column":63},"end":{"line":22,"column":1}},"line":5}},"branchMap":{"0":{"loc":{"start":{"line":8,"column":68},"end":{"line":8,"column":109}},"type":"cond-expr","locations":[{"start":{"line":8,"column":85},"end":{"line":8,"column":102}},{"start":{"line":8,"column":105},"end":{"line":8,"column":109}}],"line":8},"1":{"loc":{"start":{"line":9,"column":9},"end":{"line":9,"column":68}},"type":"cond-expr","locations":[{"start":{"line":9,"column":26},"end":{"line":9,"column":61}},{"start":{"line":9,"column":64},"end":{"line":9,"column":68}}],"line":9},"2":{"loc":{"start":{"line":12,"column":36},"end":{"line":12,"column":71}},"type":"cond-expr","locations":[{"start":{"line":12,"column":53},"end":{"line":12,"column":64}},{"start":{"line":12,"column":67},"end":{"line":12,"column":71}}],"line":12},"3":{"loc":{"start":{"line":15,"column":9},"end":{"line":15,"column":102}},"type":"binary-expr","locations":[{"start":{"line":15,"column":9},"end":{"line":15,"column":24}},{"start":{"line":15,"column":28},"end":{"line":15,"column":102}}],"line":15}},"s":{"0":0,"1":0},"f":{"0":0},"b":{"0":[0,0],"1":[0,0],"2":[0,0],"3":[0,0]}}
,"C:\\college\\Legalworkflowanddeadlinemgt\\Legalworkflow\\constants\\colors.js": {"path":"C:\\college\\Legalworkflowanddeadlinemgt\\Legalworkflow\\constants\\colors.js","statementMap":{"0":{"start":{"line":4,"column":22},"end":{"line":19,"column":1}}},"fnMap":{},"branchMap":{},"s":{"0":0},"f":{},"b":{}}
,"C:\\college\\Legalworkflowanddeadlinemgt\\Legalworkflow\\context\\AppContext.js": {"path":"C:\\college\\Legalworkflowanddeadlinemgt\\Legalworkflow\\context\\AppContext.js","statementMap":{"0":{"start":{"line":11,"column":19},"end":{"line":11,"column":38}},"1":{"start":{"line":12,"column":25},"end":{"line":12,"column":42}},"2":{"start":{"line":15,"column":32},"end":{"line":15,"column":46}},"3":{"start":{"line":16,"column":26},"end":{"line":16,"column":40}},"4":{"start":{"line":17,"column":28},"end":{"line":17,"column":40}},"5":{"start":{"line":18,"column":32},"end":{"line":18,"column":44}},"6":{"start":{"line":19,"column":28},"end":{"line":19,"column":40}},"7":{"start":{"line":22,"column":19},"end":{"line":39,"column":8}},"8":{"start":{"line":23,"column":15},"end":{"line":23,"column":28}},"9":{"start":{"line":24,"column":15},"end":{"line":24,"column":26}},"10":{"start":{"line":25,"column":16},"end":{"line":25,"column":40}},"11":{"start":{"line":26,"column":4},"end":{"line":38,"column":5}},"12":{"start":{"line":27,"column":6},"end":{"line":30,"column":8}},"13":{"start":{"line":31,"column":22},"end":{"line":31,"column":41}},"14":{"start":{"line":32,"column":6},"end":{"line":32,"column":76}},"15":{"start":{"line":33,"column":6},"end":{"line":33,"column":23}},"16":{"start":{"line":34,"column":6},"end":{"line":34,"column":31}},"17":{"start":{"line":36,"column":6},"end":{"line":36,"column":40}},"18":{"start":{"line":37,"column":6},"end":{"line":37,"column":82}},"19":{"start":{"line":41,"column":16},"end":{"line":58,"column":8}},"20":{"start":{"line":42,"column":15},"end":{"line":42,"column":28}},"21":{"start":{"line":43,"column":4},"end":{"line":57,"column":5}},"22":{"start":{"line":44,"column":16},"end":{"line":47,"column":7}},"23":{"start":{"line":48,"column":6},"end":{"line":52,"column":7}},"24":{"start":{"line":49,"column":8},"end":{"line":49,"column":72}},"25":{"start":{"line":50,"column":8},"end":{"line":50,"column":19}},"26":{"start":{"line":51,"column":8},"end":{"line":51,"column":33}},"27":{"start":{"line":53,"column":6},"end":{"line":53,"column":69}},"28":{"start":{"line":55,"column":6},"end":{"line":55,"column":37}},"29":{"start":{"line":56,"column":6},"end":{"line":56,"column":72}},"30":{"start":{"line":60,"column":17},"end":{"line":63,"column":8}},"31":{"start":{"line":61,"column":4},"end":{"line":61,"column":52}},"32":{"start":{"line":62,"column":4},"end":{"line":62,"column":18}},"33":{"start":{"line":66,"column":22},"end":{"line":76,"column":8}},"34":{"start":{"line":67,"column":4},"end":{"line":75,"column":5}},"35":{"start":{"line":68,"column":17},"end":{"line":68,"column":30}},"36":{"start":{"line":69,"column":6},"end":{"line":72,"column":8}},"37":{"start":{"line":74,"column":6},"end":{"line":74,"column":43}},"38":{"start":{"line":81,"column":18},"end":{"line":107,"column":8}},"39":{"start":{"line":82,"column":4},"end":{"line":82,"column":21}},"40":{"start":{"line":83,"column":4},"end":{"line":106,"column":5}},"41":{"start":{"line":85,"column":20},"end":{"line":85,"column":64}},"42":{"start":{"line":86,"column":6},"end":{"line":86,"column":44}},"43":{"start":{"line":86,"column":17},"end":{"line":86,"column":44}},"44":{"start":{"line":89,"column":17},"end":{"line":89,"column":30}},"45":{"start":{"line":90,"column":16},"end":{"line":92,"column":7}},"46":{"start":{"line":93,"column":17},"end":{"line":95,"column":7}},"47":{"start":{"line":96,"column":16},"end":{"line":98,"column":7}},"48":{"start":{"line":99,"column":6},"end":{"line":99,"column":24}},"49":{"start":{"line":100,"column":6},"end":{"line":100,"column":27}},"50":{"start":{"line":101,"column":6},"end":{"line":101,"column":24}},"51":{"start":{"line":103,"column":6},"end":{"line":103,"column":40}},"52":{"start":{"line":105,"column":6},"end":{"line":105,"column":24}},"53":{"start":{"line":109,"column":2},"end":{"line":111,"column":16}},"54":{"start":{"line":110,"column":4},"end":{"line":110,"column":14}},"55":{"start":{"line":114,"column":21},"end":{"line":148,"column":3}},"56":{"start":{"line":116,"column":17},"end":{"line":116,"column":30}},"57":{"start":{"line":117,"column":18},"end":{"line":117,"column":42}},"58":{"start":{"line":118,"column":17},"end":{"line":118,"column":45}},"59":{"start":{"line":119,"column":6},"end":{"line":139,"column":8}},"60":{"start":{"line":141,"column":6},"end":{"line":141,"column":61}},"61":{"start":{"line":142,"column":6},"end":{"line":142,"column":68}},"62":{"start":{"line":143,"column":6},"end":{"line":143,"column":108}},"63":{"start":{"line":144,"column":6},"end":{"line":144,"column":22}},"64":{"start":{"line":145,"column":6},"end":{"line":145,"column":16}},"65":{"start":{"line":150,"column":21},"end":{"line":186,"column":3}},"66":{"start":{"line":152,"column":17},"end":{"line":152,"column":30}},"67":{"start":{"line":153,"column":18},"end":{"line":153,"column":42}},"68":{"start":{"line":154,"column":23},"end":{"line":154,"column":89}},"69":{"start":{"line":155,"column":6},"end":{"line":155,"column":28}},"70":{"start":{"line":155,"column":21},"end":{"line":155,"column":28}},"71":{"start":{"line":157,"column":21},"end":{"line":157,"column":65}},"72":{"start":{"line":158,"column":6},"end":{"line":177,"column":8}},"73":{"start":{"line":179,"column":6},"end":{"line":179,"column":54}},"74":{"start":{"line":180,"column":6},"end":{"line":180,"column":61}},"75":{"start":{"line":181,"column":6},"end":{"line":181,"column":56}},"76":{"start":{"line":182,"column":6},"end":{"line":182,"column":103}},"77":{"start":{"line":183,"column":6},"end":{"line":183,"column":22}},"78":{"start":{"line":188,"column":21},"end":{"line":198,"column":3}},"79":{"start":{"line":190,"column":17},"end":{"line":190,"column":30}},"80":{"start":{"line":191,"column":16},"end":{"line":191,"column":91}},"81":{"start":{"line":192,"column":6},"end":{"line":192,"column":54}},"82":{"start":{"line":193,"column":6},"end":{"line":193,"column":68}},"83":{"start":{"line":194,"column":6},"end":{"line":194,"column":95}},"84":{"start":{"line":195,"column":6},"end":{"line":195,"column":22}},"85":{"start":{"line":200,"column":20},"end":{"line":226,"column":3}},"86":{"start":{"line":202,"column":17},"end":{"line":202,"column":30}},"87":{"start":{"line":203,"column":16},"end":{"line":203,"column":82}},"88":{"start":{"line":204,"column":6},"end":{"line":204,"column":21}},"89":{"start":{"line":204,"column":14},"end":{"line":204,"column":21}},"90":{"start":{"line":205,"column":18},"end":{"line":205,"column":42}},"91":{"start":{"line":206,"column":20},"end":{"line":206,"column":70}},"92":{"start":{"line":207,"column":18},"end":{"line":207,"column":28}},"93":{"start":{"line":208,"column":27},"end":{"line":211,"column":7}},"94":{"start":{"line":212,"column":6},"end":{"line":216,"column":9}},"95":{"start":{"line":217,"column":6},"end":{"line":220,"column":8}},"96":{"start":{"line":221,"column":6},"end":{"line":221,"column":54}},"97":{"start":{"line":222,"column":6},"end":{"line":222,"column":133}},"98":{"start":{"line":223,"column":6},"end":{"line":223,"column":22}},"99":{"start":{"line":229,"column":23},"end":{"line":248,"column":3}},"100":{"start":{"line":231,"column":17},"end":{"line":231,"column":30}},"101":{"start":{"line":232,"column":17},"end":{"line":232,"column":47}},"102":{"start":{"line":233,"column":6},"end":{"line":242,"column":8}},"103":{"start":{"line":243,"column":6},"end":{"line":243,"column":96}},"104":{"start":{"line":244,"column":6},"end":{"line":244,"column":22}},"105":{"start":{"line":245,"column":6},"end":{"line":245,"column":16}},"106":{"start":{"line":250,"column":23},"end":{"line":270,"column":3}},"107":{"start":{"line":252,"column":17},"end":{"line":252,"column":30}},"108":{"start":{"line":253,"column":23},"end":{"line":253,"column":93}},"109":{"start":{"line":254,"column":6},"end":{"line":254,"column":28}},"110":{"start":{"line":254,"column":21},"end":{"line":254,"column":28}},"111":{"start":{"line":255,"column":21},"end":{"line":255,"column":48}},"112":{"start":{"line":256,"column":6},"end":{"line":265,"column":8}},"113":{"start":{"line":266,"column":6},"end":{"line":266,"column":103}},"114":{"start":{"line":267,"column":6},"end":{"line":267,"column":22}},"115":{"start":{"line":272,"column":23},"end":{"line":281,"column":3}},"116":{"start":{"line":274,"column":17},"end":{"line":274,"column":30}},"117":{"start":{"line":275,"column":17},"end":{"line":275,"column":90}},"118":{"start":{"line":276,"column":6},"end":{"line":276,"column":72}},"119":{"start":{"line":277,"column":6},"end":{"line":277,"column":98}},"120":{"start":{"line":278,"column":6},"end":{"line":278,"column":22}},"121":{"start":{"line":284,"column":18},"end":{"line":304,"column":3}},"122":{"start":{"line":286,"column":17},"end":{"line":286,"column":30}},"123":{"start":{"line":287,"column":17},"end":{"line":287,"column":45}},"124":{"start":{"line":288,"column":6},"end":{"line":298,"column":8}},"125":{"start":{"line":299,"column":6},"end":{"line":299,"column":93}},"126":{"start":{"line":300,"column":6},"end":{"line":300,"column":22}},"127":{"start":{"line":301,"column":6},"end":{"line":301,"column":16}},"128":{"start":{"line":306,"column":27},"end":{"line":315,"column":3}},"129":{"start":{"line":308,"column":17},"end":{"line":308,"column":30}},"130":{"start":{"line":309,"column":6},"end":{"line":309,"column":100}},"131":{"start":{"line":310,"column":16},"end":{"line":310,"column":86}},"132":{"start":{"line":311,"column":6},"end":{"line":311,"column":149}},"133":{"start":{"line":312,"column":6},"end":{"line":312,"column":22}},"134":{"start":{"line":317,"column":21},"end":{"line":326,"column":3}},"135":{"start":{"line":319,"column":17},"end":{"line":319,"column":30}},"136":{"start":{"line":320,"column":16},"end":{"line":320,"column":86}},"137":{"start":{"line":321,"column":6},"end":{"line":321,"column":68}},"138":{"start":{"line":322,"column":6},"end":{"line":322,"column":90}},"139":{"start":{"line":323,"column":6},"end":{"line":323,"column":22}},"140":{"start":{"line":329,"column":25},"end":{"line":352,"column":3}},"141":{"start":{"line":331,"column":17},"end":{"line":331,"column":30}},"142":{"start":{"line":332,"column":17},"end":{"line":332,"column":38}},"143":{"start":{"line":333,"column":18},"end":{"line":333,"column":42}},"144":{"start":{"line":334,"column":6},"end":{"line":347,"column":8}},"145":{"start":{"line":348,"column":6},"end":{"line":348,"column":114}},"146":{"start":{"line":349,"column":6},"end":{"line":349,"column":16}},"147":{"start":{"line":354,"column":32},"end":{"line":361,"column":8}},"148":{"start":{"line":355,"column":15},"end":{"line":355,"column":28}},"149":{"start":{"line":356,"column":17},"end":{"line":359,"column":5}},"150":{"start":{"line":360,"column":4},"end":{"line":360,"column":22}},"151":{"start":{"line":363,"column":27},"end":{"line":367,"column":19}},"152":{"start":{"line":364,"column":15},"end":{"line":364,"column":28}},"153":{"start":{"line":365,"column":4},"end":{"line":365,"column":105}},"154":{"start":{"line":366,"column":4},"end":{"line":366,"column":98}},"155":{"start":{"line":369,"column":30},"end":{"line":379,"column":8}},"156":{"start":{"line":370,"column":15},"end":{"line":370,"column":28}},"157":{"start":{"line":371,"column":17},"end":{"line":377,"column":5}},"158":{"start":{"line":378,"column":4},"end":{"line":378,"column":22}},"159":{"start":{"line":382,"column":25},"end":{"line":389,"column":8}},"160":{"start":{"line":383,"column":15},"end":{"line":383,"column":28}},"161":{"start":{"line":384,"column":17},"end":{"line":387,"column":5}},"162":{"start":{"line":388,"column":4},"end":{"line":388,"column":22}},"163":{"start":{"line":392,"column":29},"end":{"line":419,"column":8}},"164":{"start":{"line":393,"column":15},"end":{"line":393,"column":28}},"165":{"start":{"line":394,"column":16},"end":{"line":399,"column":5}},"166":{"start":{"line":400,"column":17},"end":{"line":400,"column":26}},"167":{"start":{"line":401,"column":24},"end":{"line":401,"column":35}},"168":{"start":{"line":402,"column":24},"end":{"line":404,"column":9}},"169":{"start":{"line":403,"column":41},"end":{"line":403,"column":67}},"170":{"start":{"line":407,"column":20},"end":{"line":407,"column":22}},"171":{"start":{"line":408,"column":4},"end":{"line":413,"column":5}},"172":{"start":{"line":409,"column":20},"end":{"line":409,"column":45}},"173":{"start":{"line":410,"column":6},"end":{"line":410,"column":71}},"174":{"start":{"line":410,"column":27},"end":{"line":410,"column":71}},"175":{"start":{"line":411,"column":6},"end":{"line":411,"column":29}},"176":{"start":{"line":412,"column":6},"end":{"line":412,"column":55}},"177":{"start":{"line":414,"column":4},"end":{"line":416,"column":5}},"178":{"start":{"line":415,"column":6},"end":{"line":415,"column":79}},"179":{"start":{"line":418,"column":4},"end":{"line":418,"column":55}},"180":{"start":{"line":422,"column":22},"end":{"line":422,"column":67}},"181":{"start":{"line":422,"column":36},"end":{"line":422,"column":57}},"182":{"start":{"line":423,"column":22},"end":{"line":423,"column":67}},"183":{"start":{"line":423,"column":36},"end":{"line":423,"column":57}},"184":{"start":{"line":424,"column":21},"end":{"line":424,"column":65}},"185":{"start":{"line":424,"column":35},"end":{"line":424,"column":55}},"186":{"start":{"line":426,"column":22},"end":{"line":430,"column":15}},"187":{"start":{"line":427,"column":16},"end":{"line":427,"column":25}},"188":{"start":{"line":428,"column":4},"end":{"line":428,"column":49}},"189":{"start":{"line":428,"column":30},"end":{"line":428,"column":49}},"190":{"start":{"line":429,"column":4},"end":{"line":429,"column":15}},"191":{"start":{"line":432,"column":24},"end":{"line":440,"column":13}},"192":{"start":{"line":433,"column":16},"end":{"line":433,"column":25}},"193":{"start":{"line":434,"column":4},"end":{"line":438,"column":5}},"194":{"start":{"line":435,"column":19},"end":{"line":435,"column":43}},"195":{"start":{"line":436,"column":6},"end":{"line":436,"column":19}},"196":{"start":{"line":437,"column":6},"end":{"line":437,"column":31}},"197":{"start":{"line":439,"column":4},"end":{"line":439,"column":15}},"198":{"start":{"line":442,"column":16},"end":{"line":480,"column":3}},"199":{"start":{"line":482,"column":2},"end":{"line":482,"column":77}},"200":{"start":{"line":486,"column":14},"end":{"line":486,"column":36}},"201":{"start":{"line":487,"column":2},"end":{"line":487,"column":70}},"202":{"start":{"line":487,"column":12},"end":{"line":487,"column":70}},"203":{"start":{"line":488,"column":2},"end":{"line":488,"column":13}}},"fnMap":{"0":{"name":"AppProvider","decl":{"start":{"line":14,"column":16},"end":{"line":14,"column":27}},"loc":{"start":{"line":14,"column":42},"end":{"line":483,"column":1}},"line":14},"1":{"name":"(anonymous_1)","decl":{"start":{"line":22,"column":31},"end":{"line":22,"column":32}},"loc":{"start":{"line":22,"column":64},"end":{"line":39,"column":3}},"line":22},"2":{"name":"(anonymous_2)","decl":{"start":{"line":41,"column":28},"end":{"line":41,"column":29}},"loc":{"start":{"line":41,"column":55},"end":{"line":58,"column":3}},"line":41},"3":{"name":"(anonymous_3)","decl":{"start":{"line":60,"column":29},"end":{"line":60,"column":30}},"loc":{"start":{"line":60,"column":41},"end":{"line":63,"column":3}},"line":60},"4":{"name":"(anonymous_4)","decl":{"start":{"line":66,"column":34},"end":{"line":66,"column":35}},"loc":{"start":{"line":66,"column":87},"end":{"line":76,"column":3}},"line":66},"5":{"name":"(anonymous_5)","decl":{"start":{"line":81,"column":30},"end":{"line":81,"column":31}},"loc":{"start":{"line":81,"column":42},"end":{"line":107,"column":3}},"line":81},"6":{"name":"(anonymous_6)","decl":{"start":{"line":109,"column":12},"end":{"line":109,"column":13}},"loc":{"start":{"line":109,"column":18},"end":{"line":111,"column":3}},"line":109},"7":{"name":"(anonymous_7)","decl":{"start":{"line":115,"column":4},"end":{"line":115,"column":5}},"loc":{"start":{"line":115,"column":23},"end":{"line":146,"column":5}},"line":115},"8":{"name":"(anonymous_8)","decl":{"start":{"line":141,"column":50},"end":{"line":141,"column":51}},"loc":{"start":{"line":141,"column":56},"end":{"line":141,"column":59}},"line":141},"9":{"name":"(anonymous_9)","decl":{"start":{"line":142,"column":57},"end":{"line":142,"column":58}},"loc":{"start":{"line":142,"column":63},"end":{"line":142,"column":66}},"line":142},"10":{"name":"(anonymous_10)","decl":{"start":{"line":151,"column":4},"end":{"line":151,"column":5}},"loc":{"start":{"line":151,"column":31},"end":{"line":184,"column":5}},"line":151},"11":{"name":"(anonymous_11)","decl":{"start":{"line":179,"column":43},"end":{"line":179,"column":44}},"loc":{"start":{"line":179,"column":49},"end":{"line":179,"column":52}},"line":179},"12":{"name":"(anonymous_12)","decl":{"start":{"line":180,"column":50},"end":{"line":180,"column":51}},"loc":{"start":{"line":180,"column":56},"end":{"line":180,"column":59}},"line":180},"13":{"name":"(anonymous_13)","decl":{"start":{"line":181,"column":45},"end":{"line":181,"column":46}},"loc":{"start":{"line":181,"column":51},"end":{"line":181,"column":54}},"line":181},"14":{"name":"(anonymous_14)","decl":{"start":{"line":189,"column":4},"end":{"line":189,"column":5}},"loc":{"start":{"line":189,"column":22},"end":{"line":196,"column":5}},"line":189},"15":{"name":"(anonymous_15)","decl":{"start":{"line":192,"column":43},"end":{"line":192,"column":44}},"loc":{"start":{"line":192,"column":49},"end":{"line":192,"column":52}},"line":192},"16":{"name":"(anonymous_16)","decl":{"start":{"line":201,"column":4},"end":{"line":201,"column":5}},"loc":{"start":{"line":201,"column":54},"end":{"line":224,"column":5}},"line":201},"17":{"name":"(anonymous_17)","decl":{"start":{"line":221,"column":43},"end":{"line":221,"column":44}},"loc":{"start":{"line":221,"column":49},"end":{"line":221,"column":52}},"line":221},"18":{"name":"(anonymous_18)","decl":{"start":{"line":230,"column":4},"end":{"line":230,"column":5}},"loc":{"start":{"line":230,"column":23},"end":{"line":246,"column":5}},"line":230},"19":{"name":"(anonymous_19)","decl":{"start":{"line":251,"column":4},"end":{"line":251,"column":5}},"loc":{"start":{"line":251,"column":33},"end":{"line":268,"column":5}},"line":251},"20":{"name":"(anonymous_20)","decl":{"start":{"line":273,"column":4},"end":{"line":273,"column":5}},"loc":{"start":{"line":273,"column":24},"end":{"line":279,"column":5}},"line":273},"21":{"name":"(anonymous_21)","decl":{"start":{"line":285,"column":4},"end":{"line":285,"column":5}},"loc":{"start":{"line":285,"column":31},"end":{"line":302,"column":5}},"line":285},"22":{"name":"(anonymous_22)","decl":{"start":{"line":307,"column":4},"end":{"line":307,"column":5}},"loc":{"start":{"line":307,"column":33},"end":{"line":313,"column":5}},"line":307},"23":{"name":"(anonymous_23)","decl":{"start":{"line":318,"column":4},"end":{"line":318,"column":5}},"loc":{"start":{"line":318,"column":22},"end":{"line":324,"column":5}},"line":318},"24":{"name":"(anonymous_24)","decl":{"start":{"line":330,"column":4},"end":{"line":330,"column":5}},"loc":{"start":{"line":330,"column":33},"end":{"line":350,"column":5}},"line":330},"25":{"name":"(anonymous_25)","decl":{"start":{"line":354,"column":44},"end":{"line":354,"column":45}},"loc":{"start":{"line":354,"column":64},"end":{"line":361,"column":3}},"line":354},"26":{"name":"(anonymous_26)","decl":{"start":{"line":363,"column":39},"end":{"line":363,"column":40}},"loc":{"start":{"line":363,"column":64},"end":{"line":367,"column":3}},"line":363},"27":{"name":"(anonymous_27)","decl":{"start":{"line":369,"column":42},"end":{"line":369,"column":43}},"loc":{"start":{"line":369,"column":54},"end":{"line":379,"column":3}},"line":369},"28":{"name":"(anonymous_28)","decl":{"start":{"line":382,"column":37},"end":{"line":382,"column":38}},"loc":{"start":{"line":382,"column":59},"end":{"line":389,"column":3}},"line":382},"29":{"name":"(anonymous_29)","decl":{"start":{"line":392,"column":41},"end":{"line":392,"column":42}},"loc":{"start":{"line":392,"column":53},"end":{"line":419,"column":3}},"line":392},"30":{"name":"(anonymous_30)","decl":{"start":{"line":403,"column":31},"end":{"line":403,"column":32}},"loc":{"start":{"line":403,"column":41},"end":{"line":403,"column":67}},"line":403},"31":{"name":"(anonymous_31)","decl":{"start":{"line":422,"column":30},"end":{"line":422,"column":31}},"loc":{"start":{"line":422,"column":36},"end":{"line":422,"column":57}},"line":422},"32":{"name":"(anonymous_32)","decl":{"start":{"line":423,"column":30},"end":{"line":423,"column":31}},"loc":{"start":{"line":423,"column":36},"end":{"line":423,"column":57}},"line":423},"33":{"name":"(anonymous_33)","decl":{"start":{"line":424,"column":29},"end":{"line":424,"column":30}},"loc":{"start":{"line":424,"column":35},"end":{"line":424,"column":55}},"line":424},"34":{"name":"(anonymous_34)","decl":{"start":{"line":426,"column":30},"end":{"line":426,"column":31}},"loc":{"start":{"line":426,"column":36},"end":{"line":430,"column":3}},"line":426},"35":{"name":"(anonymous_35)","decl":{"start":{"line":432,"column":32},"end":{"line":432,"column":33}},"loc":{"start":{"line":432,"column":38},"end":{"line":440,"column":3}},"line":432},"36":{"name":"useApp","decl":{"start":{"line":485,"column":16},"end":{"line":485,"column":22}},"loc":{"start":{"line":485,"column":25},"end":{"line":489,"column":1}},"line":485}},"branchMap":{"0":{"loc":{"start":{"line":48,"column":6},"end":{"line":52,"column":7}},"type":"if","locations":[{"start":{"line":48,"column":6},"end":{"line":52,"column":7}},{"start":{},"end":{}}],"line":48},"1":{"loc":{"start":{"line":71,"column":54},"end":{"line":71,"column":71}},"type":"binary-expr","locations":[{"start":{"line":71,"column":54},"end":{"line":71,"column":65}},{"start":{"line":71,"column":69},"end":{"line":71,"column":71}}],"line":71},"2":{"loc":{"start":{"line":86,"column":6},"end":{"line":86,"column":44}},"type":"if","locations":[{"start":{"line":86,"column":6},"end":{"line":86,"column":44}},{"start":{},"end":{}}],"line":86},"3":{"loc":{"start":{"line":99,"column":15},"end":{"line":99,"column":22}},"type":"binary-expr","locations":[{"start":{"line":99,"column":15},"end":{"line":99,"column":16}},{"start":{"line":99,"column":20},"end":{"line":99,"column":22}}],"line":99},"4":{"loc":{"start":{"line":100,"column":17},"end":{"line":100,"column":25}},"type":"binary-expr","locations":[{"start":{"line":100,"column":17},"end":{"line":100,"column":19}},{"start":{"line":100,"column":23},"end":{"line":100,"column":25}}],"line":100},"5":{"loc":{"start":{"line":101,"column":15},"end":{"line":101,"column":22}},"type":"binary-expr","locations":[{"start":{"line":101,"column":15},"end":{"line":101,"column":16}},{"start":{"line":101,"column":20},"end":{"line":101,"column":22}}],"line":101},"6":{"loc":{"start":{"line":118,"column":17},"end":{"line":118,"column":45}},"type":"binary-expr","locations":[{"start":{"line":118,"column":17},"end":{"line":118,"column":27}},{"start":{"line":118,"column":31},"end":{"line":118,"column":45}}],"line":118},"7":{"loc":{"start":{"line":127,"column":10},"end":{"line":127,"column":42}},"type":"binary-expr","locations":[{"start":{"line":127,"column":10},"end":{"line":127,"column":36}},{"start":{"line":127,"column":40},"end":{"line":127,"column":42}}],"line":127},"8":{"loc":{"start":{"line":128,"column":10},"end":{"line":128,"column":42}},"type":"binary-expr","locations":[{"start":{"line":128,"column":10},"end":{"line":128,"column":36}},{"start":{"line":128,"column":40},"end":{"line":128,"column":42}}],"line":128},"9":{"loc":{"start":{"line":129,"column":10},"end":{"line":129,"column":35}},"type":"binary-expr","locations":[{"start":{"line":129,"column":10},"end":{"line":129,"column":27}},{"start":{"line":129,"column":31},"end":{"line":129,"column":35}}],"line":129},"10":{"loc":{"start":{"line":130,"column":10},"end":{"line":130,"column":37}},"type":"binary-expr","locations":[{"start":{"line":130,"column":10},"end":{"line":130,"column":29}},{"start":{"line":130,"column":33},"end":{"line":130,"column":37}}],"line":130},"11":{"loc":{"start":{"line":131,"column":10},"end":{"line":131,"column":43}},"type":"binary-expr","locations":[{"start":{"line":131,"column":10},"end":{"line":131,"column":35}},{"start":{"line":131,"column":39},"end":{"line":131,"column":43}}],"line":131},"12":{"loc":{"start":{"line":132,"column":10},"end":{"line":132,"column":39}},"type":"binary-expr","locations":[{"start":{"line":132,"column":10},"end":{"line":132,"column":31}},{"start":{"line":132,"column":35},"end":{"line":132,"column":39}}],"line":132},"13":{"loc":{"start":{"line":133,"column":10},"end":{"line":133,"column":38}},"type":"binary-expr","locations":[{"start":{"line":133,"column":10},"end":{"line":133,"column":26}},{"start":{"line":133,"column":30},"end":{"line":133,"column":38}}],"line":133},"14":{"loc":{"start":{"line":134,"column":10},"end":{"line":134,"column":34}},"type":"binary-expr","locations":[{"start":{"line":134,"column":10},"end":{"line":134,"column":24}},{"start":{"line":134,"column":28},"end":{"line":134,"column":34}}],"line":134},"15":{"loc":{"start":{"line":135,"column":10},"end":{"line":135,"column":37}},"type":"binary-expr","locations":[{"start":{"line":135,"column":10},"end":{"line":135,"column":31}},{"start":{"line":135,"column":35},"end":{"line":135,"column":37}}],"line":135},"16":{"loc":{"start":{"line":143,"column":64},"end":{"line":143,"column":104}},"type":"binary-expr","locations":[{"start":{"line":143,"column":64},"end":{"line":143,"column":90}},{"start":{"line":143,"column":94},"end":{"line":143,"column":104}}],"line":143},"17":{"loc":{"start":{"line":155,"column":6},"end":{"line":155,"column":28}},"type":"if","locations":[{"start":{"line":155,"column":6},"end":{"line":155,"column":28}},{"start":{},"end":{}}],"line":155},"18":{"loc":{"start":{"line":165,"column":10},"end":{"line":165,"column":41}},"type":"binary-expr","locations":[{"start":{"line":165,"column":10},"end":{"line":165,"column":35}},{"start":{"line":165,"column":39},"end":{"line":165,"column":41}}],"line":165},"19":{"loc":{"start":{"line":166,"column":10},"end":{"line":166,"column":41}},"type":"binary-expr","locations":[{"start":{"line":166,"column":10},"end":{"line":166,"column":35}},{"start":{"line":166,"column":39},"end":{"line":166,"column":41}}],"line":166},"20":{"loc":{"start":{"line":167,"column":10},"end":{"line":167,"column":34}},"type":"binary-expr","locations":[{"start":{"line":167,"column":10},"end":{"line":167,"column":26}},{"start":{"line":167,"column":30},"end":{"line":167,"column":34}}],"line":167},"21":{"loc":{"start":{"line":168,"column":10},"end":{"line":168,"column":36}},"type":"binary-expr","locations":[{"start":{"line":168,"column":10},"end":{"line":168,"column":28}},{"start":{"line":168,"column":32},"end":{"line":168,"column":36}}],"line":168},"22":{"loc":{"start":{"line":169,"column":10},"end":{"line":169,"column":42}},"type":"binary-expr","locations":[{"start":{"line":169,"column":10},"end":{"line":169,"column":34}},{"start":{"line":169,"column":38},"end":{"line":169,"column":42}}],"line":169},"23":{"loc":{"start":{"line":170,"column":10},"end":{"line":170,"column":38}},"type":"binary-expr","locations":[{"start":{"line":170,"column":10},"end":{"line":170,"column":30}},{"start":{"line":170,"column":34},"end":{"line":170,"column":38}}],"line":170},"24":{"loc":{"start":{"line":171,"column":10},"end":{"line":171,"column":37}},"type":"binary-expr","locations":[{"start":{"line":171,"column":10},"end":{"line":171,"column":25}},{"start":{"line":171,"column":29},"end":{"line":171,"column":37}}],"line":171},"25":{"loc":{"start":{"line":172,"column":10},"end":{"line":172,"column":33}},"type":"binary-expr","locations":[{"start":{"line":172,"column":10},"end":{"line":172,"column":23}},{"start":{"line":172,"column":27},"end":{"line":172,"column":33}}],"line":172},"26":{"loc":{"start":{"line":173,"column":10},"end":{"line":173,"column":36}},"type":"binary-expr","locations":[{"start":{"line":173,"column":10},"end":{"line":173,"column":30}},{"start":{"line":173,"column":34},"end":{"line":173,"column":36}}],"line":173},"27":{"loc":{"start":{"line":182,"column":68},"end":{"line":182,"column":99}},"type":"binary-expr","locations":[{"start":{"line":182,"column":68},"end":{"line":182,"column":93}},{"start":{"line":182,"column":97},"end":{"line":182,"column":99}}],"line":182},"28":{"loc":{"start":{"line":194,"column":68},"end":{"line":194,"column":91}},"type":"binary-expr","locations":[{"start":{"line":194,"column":68},"end":{"line":194,"column":81}},{"start":{"line":194,"column":85},"end":{"line":194,"column":91}}],"line":194},"29":{"loc":{"start":{"line":201,"column":19},"end":{"line":201,"column":35}},"type":"default-arg","locations":[{"start":{"line":201,"column":33},"end":{"line":201,"column":35}}],"line":201},"30":{"loc":{"start":{"line":201,"column":37},"end":{"line":201,"column":49}},"type":"default-arg","locations":[{"start":{"line":201,"column":47},"end":{"line":201,"column":49}}],"line":201},"31":{"loc":{"start":{"line":204,"column":6},"end":{"line":204,"column":21}},"type":"if","locations":[{"start":{"line":204,"column":6},"end":{"line":204,"column":21}},{"start":{},"end":{}}],"line":204},"32":{"loc":{"start":{"line":206,"column":20},"end":{"line":206,"column":70}},"type":"cond-expr","locations":[{"start":{"line":206,"column":35},"end":{"line":206,"column":57}},{"start":{"line":206,"column":60},"end":{"line":206,"column":70}}],"line":206},"33":{"loc":{"start":{"line":219,"column":49},"end":{"line":219,"column":74}},"type":"binary-expr","locations":[{"start":{"line":219,"column":49},"end":{"line":219,"column":68}},{"start":{"line":219,"column":72},"end":{"line":219,"column":74}}],"line":219},"34":{"loc":{"start":{"line":219,"column":81},"end":{"line":219,"column":94}},"type":"binary-expr","locations":[{"start":{"line":219,"column":81},"end":{"line":219,"column":88}},{"start":{"line":219,"column":92},"end":{"line":219,"column":94}}],"line":219},"35":{"loc":{"start":{"line":222,"column":105},"end":{"line":222,"column":128}},"type":"binary-expr","locations":[{"start":{"line":222,"column":105},"end":{"line":222,"column":112}},{"start":{"line":222,"column":116},"end":{"line":222,"column":128}}],"line":222},"36":{"loc":{"start":{"line":232,"column":17},"end":{"line":232,"column":47}},"type":"binary-expr","locations":[{"start":{"line":232,"column":17},"end":{"line":232,"column":27}},{"start":{"line":232,"column":31},"end":{"line":232,"column":47}}],"line":232},"37":{"loc":{"start":{"line":237,"column":10},"end":{"line":237,"column":36}},"type":"binary-expr","locations":[{"start":{"line":237,"column":10},"end":{"line":237,"column":30}},{"start":{"line":237,"column":34},"end":{"line":237,"column":36}}],"line":237},"38":{"loc":{"start":{"line":238,"column":10},"end":{"line":238,"column":37}},"type":"binary-expr","locations":[{"start":{"line":238,"column":10},"end":{"line":238,"column":31}},{"start":{"line":238,"column":35},"end":{"line":238,"column":37}}],"line":238},"39":{"loc":{"start":{"line":239,"column":10},"end":{"line":239,"column":37}},"type":"binary-expr","locations":[{"start":{"line":239,"column":10},"end":{"line":239,"column":31}},{"start":{"line":239,"column":35},"end":{"line":239,"column":37}}],"line":239},"40":{"loc":{"start":{"line":240,"column":10},"end":{"line":240,"column":39}},"type":"binary-expr","locations":[{"start":{"line":240,"column":10},"end":{"line":240,"column":33}},{"start":{"line":240,"column":37},"end":{"line":240,"column":39}}],"line":240},"41":{"loc":{"start":{"line":243,"column":66},"end":{"line":243,"column":92}},"type":"binary-expr","locations":[{"start":{"line":243,"column":66},"end":{"line":243,"column":86}},{"start":{"line":243,"column":90},"end":{"line":243,"column":92}}],"line":243},"42":{"loc":{"start":{"line":254,"column":6},"end":{"line":254,"column":28}},"type":"if","locations":[{"start":{"line":254,"column":6},"end":{"line":254,"column":28}},{"start":{},"end":{}}],"line":254},"43":{"loc":{"start":{"line":259,"column":10},"end":{"line":259,"column":35}},"type":"binary-expr","locations":[{"start":{"line":259,"column":10},"end":{"line":259,"column":29}},{"start":{"line":259,"column":33},"end":{"line":259,"column":35}}],"line":259},"44":{"loc":{"start":{"line":260,"column":10},"end":{"line":260,"column":36}},"type":"binary-expr","locations":[{"start":{"line":260,"column":10},"end":{"line":260,"column":30}},{"start":{"line":260,"column":34},"end":{"line":260,"column":36}}],"line":260},"45":{"loc":{"start":{"line":261,"column":10},"end":{"line":261,"column":36}},"type":"binary-expr","locations":[{"start":{"line":261,"column":10},"end":{"line":261,"column":30}},{"start":{"line":261,"column":34},"end":{"line":261,"column":36}}],"line":261},"46":{"loc":{"start":{"line":262,"column":10},"end":{"line":262,"column":38}},"type":"binary-expr","locations":[{"start":{"line":262,"column":10},"end":{"line":262,"column":32}},{"start":{"line":262,"column":36},"end":{"line":262,"column":38}}],"line":262},"47":{"loc":{"start":{"line":266,"column":74},"end":{"line":266,"column":99}},"type":"binary-expr","locations":[{"start":{"line":266,"column":74},"end":{"line":266,"column":93}},{"start":{"line":266,"column":97},"end":{"line":266,"column":99}}],"line":266},"48":{"loc":{"start":{"line":277,"column":74},"end":{"line":277,"column":94}},"type":"binary-expr","locations":[{"start":{"line":277,"column":74},"end":{"line":277,"column":82}},{"start":{"line":277,"column":86},"end":{"line":277,"column":94}}],"line":277},"49":{"loc":{"start":{"line":287,"column":17},"end":{"line":287,"column":45}},"type":"binary-expr","locations":[{"start":{"line":287,"column":17},"end":{"line":287,"column":27}},{"start":{"line":287,"column":31},"end":{"line":287,"column":45}}],"line":287},"50":{"loc":{"start":{"line":293,"column":10},"end":{"line":293,"column":37}},"type":"binary-expr","locations":[{"start":{"line":293,"column":10},"end":{"line":293,"column":31}},{"start":{"line":293,"column":35},"end":{"line":293,"column":37}}],"line":293},"51":{"loc":{"start":{"line":294,"column":10},"end":{"line":294,"column":34}},"type":"binary-expr","locations":[{"start":{"line":294,"column":10},"end":{"line":294,"column":26}},{"start":{"line":294,"column":30},"end":{"line":294,"column":34}}],"line":294},"52":{"loc":{"start":{"line":295,"column":10},"end":{"line":295,"column":35}},"type":"cond-expr","locations":[{"start":{"line":295,"column":30},"end":{"line":295,"column":31}},{"start":{"line":295,"column":34},"end":{"line":295,"column":35}}],"line":295},"53":{"loc":{"start":{"line":296,"column":10},"end":{"line":296,"column":38}},"type":"cond-expr","locations":[{"start":{"line":296,"column":33},"end":{"line":296,"column":34}},{"start":{"line":296,"column":37},"end":{"line":296,"column":38}}],"line":296},"54":{"loc":{"start":{"line":299,"column":62},"end":{"line":299,"column":89}},"type":"binary-expr","locations":[{"start":{"line":299,"column":62},"end":{"line":299,"column":83}},{"start":{"line":299,"column":87},"end":{"line":299,"column":89}}],"line":299},"55":{"loc":{"start":{"line":309,"column":72},"end":{"line":309,"column":89}},"type":"cond-expr","locations":[{"start":{"line":309,"column":84},"end":{"line":309,"column":85}},{"start":{"line":309,"column":88},"end":{"line":309,"column":89}}],"line":309},"56":{"loc":{"start":{"line":311,"column":40},"end":{"line":311,"column":76}},"type":"cond-expr","locations":[{"start":{"line":311,"column":52},"end":{"line":311,"column":63}},{"start":{"line":311,"column":66},"end":{"line":311,"column":76}}],"line":311},"57":{"loc":{"start":{"line":311,"column":81},"end":{"line":311,"column":117}},"type":"cond-expr","locations":[{"start":{"line":311,"column":93},"end":{"line":311,"column":104}},{"start":{"line":311,"column":107},"end":{"line":311,"column":117}}],"line":311},"58":{"loc":{"start":{"line":311,"column":127},"end":{"line":311,"column":145}},"type":"binary-expr","locations":[{"start":{"line":311,"column":127},"end":{"line":311,"column":135}},{"start":{"line":311,"column":139},"end":{"line":311,"column":145}}],"line":311},"59":{"loc":{"start":{"line":322,"column":68},"end":{"line":322,"column":86}},"type":"binary-expr","locations":[{"start":{"line":322,"column":68},"end":{"line":322,"column":76}},{"start":{"line":322,"column":80},"end":{"line":322,"column":86}}],"line":322},"60":{"loc":{"start":{"line":340,"column":10},"end":{"line":340,"column":32}},"type":"binary-expr","locations":[{"start":{"line":340,"column":10},"end":{"line":340,"column":22}},{"start":{"line":340,"column":26},"end":{"line":340,"column":32}}],"line":340},"61":{"loc":{"start":{"line":341,"column":10},"end":{"line":341,"column":39}},"type":"binary-expr","locations":[{"start":{"line":341,"column":10},"end":{"line":341,"column":33}},{"start":{"line":341,"column":37},"end":{"line":341,"column":39}}],"line":341},"62":{"loc":{"start":{"line":342,"column":10},"end":{"line":342,"column":41}},"type":"binary-expr","locations":[{"start":{"line":342,"column":10},"end":{"line":342,"column":34}},{"start":{"line":342,"column":38},"end":{"line":342,"column":41}}],"line":342},"63":{"loc":{"start":{"line":343,"column":10},"end":{"line":343,"column":40}},"type":"binary-expr","locations":[{"start":{"line":343,"column":10},"end":{"line":343,"column":32}},{"start":{"line":343,"column":36},"end":{"line":343,"column":40}}],"line":343},"64":{"loc":{"start":{"line":348,"column":81},"end":{"line":348,"column":110}},"type":"binary-expr","locations":[{"start":{"line":348,"column":81},"end":{"line":348,"column":104}},{"start":{"line":348,"column":108},"end":{"line":348,"column":110}}],"line":348},"65":{"loc":{"start":{"line":360,"column":11},"end":{"line":360,"column":21}},"type":"binary-expr","locations":[{"start":{"line":360,"column":11},"end":{"line":360,"column":15}},{"start":{"line":360,"column":19},"end":{"line":360,"column":21}}],"line":360},"66":{"loc":{"start":{"line":378,"column":11},"end":{"line":378,"column":21}},"type":"binary-expr","locations":[{"start":{"line":378,"column":11},"end":{"line":378,"column":15}},{"start":{"line":378,"column":19},"end":{"line":378,"column":21}}],"line":378},"67":{"loc":{"start":{"line":382,"column":44},"end":{"line":382,"column":54}},"type":"default-arg","locations":[{"start":{"line":382,"column":52},"end":{"line":382,"column":54}}],"line":382},"68":{"loc":{"start":{"line":388,"column":11},"end":{"line":388,"column":21}},"type":"binary-expr","locations":[{"start":{"line":388,"column":11},"end":{"line":388,"column":15}},{"start":{"line":388,"column":19},"end":{"line":388,"column":21}}],"line":388},"69":{"loc":{"start":{"line":400,"column":17},"end":{"line":400,"column":26}},"type":"binary-expr","locations":[{"start":{"line":400,"column":17},"end":{"line":400,"column":20}},{"start":{"line":400,"column":24},"end":{"line":400,"column":26}}],"line":400},"70":{"loc":{"start":{"line":402,"column":24},"end":{"line":404,"column":9}},"type":"cond-expr","locations":[{"start":{"line":403,"column":8},"end":{"line":403,"column":86}},{"start":{"line":404,"column":8},"end":{"line":404,"column":9}}],"line":402},"71":{"loc":{"start":{"line":403,"column":46},"end":{"line":403,"column":66}},"type":"binary-expr","locations":[{"start":{"line":403,"column":46},"end":{"line":403,"column":61}},{"start":{"line":403,"column":65},"end":{"line":403,"column":66}}],"line":403},"72":{"loc":{"start":{"line":409,"column":20},"end":{"line":409,"column":45}},"type":"binary-expr","locations":[{"start":{"line":409,"column":20},"end":{"line":409,"column":32}},{"start":{"line":409,"column":36},"end":{"line":409,"column":45}}],"line":409},"73":{"loc":{"start":{"line":410,"column":6},"end":{"line":410,"column":71}},"type":"if","locations":[{"start":{"line":410,"column":6},"end":{"line":410,"column":71}},{"start":{},"end":{}}],"line":410},"74":{"loc":{"start":{"line":412,"column":34},"end":{"line":412,"column":54}},"type":"binary-expr","locations":[{"start":{"line":412,"column":34},"end":{"line":412,"column":49}},{"start":{"line":412,"column":53},"end":{"line":412,"column":54}}],"line":412},"75":{"loc":{"start":{"line":435,"column":19},"end":{"line":435,"column":43}},"type":"binary-expr","locations":[{"start":{"line":435,"column":19},"end":{"line":435,"column":37}},{"start":{"line":435,"column":41},"end":{"line":435,"column":43}}],"line":435},"76":{"loc":{"start":{"line":487,"column":2},"end":{"line":487,"column":70}},"type":"if","locations":[{"start":{"line":487,"column":2},"end":{"line":487,"column":70}},{"start":{},"end":{}}],"line":487}},"s":{"0":0,"1":0,"2":0,"3":0,"4":0,"5":0,"6":0,"7":0,"8":0,"9":0,"10":0,"11":0,"12":0,"13":0,"14":0,"15":0,"16":0,"17":0,"18":0,"19":0,"20":0,"21":0,"22":0,"23":0,"24":0,"25":0,"26":0,"27":0,"28":0,"29":0,"30":0,"31":0,"32":0,"33":0,"34":0,"35":0,"36":0,"37":0,"38":0,"39":0,"40":0,"41":0,"42":0,"43":0,"44":0,"45":0,"46":0,"47":0,"48":0,"49":0,"50":0,"51":0,"52":0,"53":0,"54":0,"55":0,"56":0,"57":0,"58":0,"59":0,"60":0,"61":0,"62":0,"63":0,"64":0,"65":0,"66":0,"67":0,"68":0,"69":0,"70":0,"71":0,"72":0,"73":0,"74":0,"75":0,"76":0,"77":0,"78":0,"79":0,"80":0,"81":0,"82":0,"83":0,"84":0,"85":0,"86":0,"87":0,"88":0,"89":0,"90":0,"91":0,"92":0,"93":0,"94":0,"95":0,"96":0,"97":0,"98":0,"99":0,"100":0,"101":0,"102":0,"103":0,"104":0,"105":0,"106":0,"107":0,"108":0,"109":0,"110":0,"111":0,"112":0,"113":0,"114":0,"115":0,"116":0,"117":0,"118":0,"119":0,"120":0,"121":0,"122":0,"123":0,"124":0,"125":0,"126":0,"127":0,"128":0,"129":0,"130":0,"131":0,"132":0,"133":0,"134":0,"135":0,"136":0,"137":0,"138":0,"139":0,"140":0,"141":0,"142":0,"143":0,"144":0,"145":0,"146":0,"147":0,"148":0,"149":0,"150":0,"151":0,"152":0,"153":0,"154":0,"155":0,"156":0,"157":0,"158":0,"159":0,"160":0,"161":0,"162":0,"163":0,"164":0,"165":0,"166":0,"167":0,"168":0,"169":0,"170":0,"171":0,"172":0,"173":0,"174":0,"175":0,"176":0,"177":0,"178":0,"179":0,"180":0,"181":0,"182":0,"183":0,"184":0,"185":0,"186":0,"187":0,"188":0,"189":0,"190":0,"191":0,"192":0,"193":0,"194":0,"195":0,"196":0,"197":0,"198":0,"199":0,"200":0,"201":0,"202":0,"203":0},"f":{"0":0,"1":0,"2":0,"3":0,"4":0,"5":0,"6":0,"7":0,"8":0,"9":0,"10":0,"11":0,"12":0,"13":0,"14":0,"15":0,"16":0,"17":0,"18":0,"19":0,"20":0,"21":0,"22":0,"23":0,"24":0,"25":0,"26":0,"27":0,"28":0,"29":0,"30":0,"31":0,"32":0,"33":0,"34":0,"35":0,"36":0},"b":{"0":[0,0],"1":[0,0],"2":[0,0],"3":[0,0],"4":[0,0],"5":[0,0],"6":[0,0],"7":[0,0],"8":[0,0],"9":[0,0],"10":[0,0],"11":[0,0],"12":[0,0],"13":[0,0],"14":[0,0],"15":[0,0],"16":[0,0],"17":[0,0],"18":[0,0],"19":[0,0],"20":[0,0],"21":[0,0],"22":[0,0],"23":[0,0],"24":[0,0],"25":[0,0],"26":[0,0],"27":[0,0],"28":[0,0],"29":[0],"30":[0],"31":[0,0],"32":[0,0],"33":[0,0],"34":[0,0],"35":[0,0],"36":[0,0],"37":[0,0],"38":[0,0],"39":[0,0],"40":[0,0],"41":[0,0],"42":[0,0],"43":[0,0],"44":[0,0],"45":[0,0],"46":[0,0],"47":[0,0],"48":[0,0],"49":[0,0],"50":[0,0],"51":[0,0],"52":[0,0],"53":[0,0],"54":[0,0],"55":[0,0],"56":[0,0],"57":[0,0],"58":[0,0],"59":[0,0],"60":[0,0],"61":[0,0],"62":[0,0],"63":[0,0],"64":[0,0],"65":[0,0],"66":[0,0],"67":[0],"68":[0,0],"69":[0,0],"70":[0,0],"71":[0,0],"72":[0,0],"73":[0,0],"74":[0,0],"75":[0,0],"76":[0,0]}}
,"C:\\college\\Legalworkflowanddeadlinemgt\\Legalworkflow\\database\\db.js": {"path":"C:\\college\\Legalworkflowanddeadlinemgt\\Legalworkflow\\database\\db.js","statementMap":{"0":{"start":{"line":9,"column":16},"end":{"line":9,"column":35}},"1":{"start":{"line":10,"column":16},"end":{"line":10,"column":20}},"2":{"start":{"line":16,"column":2},"end":{"line":24,"column":3}},"3":{"start":{"line":17,"column":4},"end":{"line":23,"column":9}},"4":{"start":{"line":18,"column":17},"end":{"line":18,"column":56}},"5":{"start":{"line":20,"column":6},"end":{"line":20,"column":55}},"6":{"start":{"line":21,"column":6},"end":{"line":21,"column":32}},"7":{"start":{"line":22,"column":6},"end":{"line":22,"column":16}},"8":{"start":{"line":25,"column":2},"end":{"line":25,"column":19}},"9":{"start":{"line":29,"column":13},"end":{"line":29,"column":26}},"10":{"start":{"line":30,"column":2},"end":{"line":30,"column":34}},"11":{"start":{"line":34,"column":13},"end":{"line":34,"column":26}},"12":{"start":{"line":35,"column":2},"end":{"line":35,"column":37}},"13":{"start":{"line":39,"column":13},"end":{"line":39,"column":26}},"14":{"start":{"line":40,"column":2},"end":{"line":40,"column":39}},"15":{"start":{"line":47,"column":2},"end":{"line":47,"column":78}}},"fnMap":{"0":{"name":"getDb","decl":{"start":{"line":15,"column":22},"end":{"line":15,"column":27}},"loc":{"start":{"line":15,"column":30},"end":{"line":26,"column":1}},"line":15},"1":{"name":"(anonymous_1)","decl":{"start":{"line":17,"column":17},"end":{"line":17,"column":18}},"loc":{"start":{"line":17,"column":29},"end":{"line":23,"column":5}},"line":17},"2":{"name":"run","decl":{"start":{"line":28,"column":22},"end":{"line":28,"column":25}},"loc":{"start":{"line":28,"column":42},"end":{"line":31,"column":1}},"line":28},"3":{"name":"getAll","decl":{"start":{"line":33,"column":22},"end":{"line":33,"column":28}},"loc":{"start":{"line":33,"column":45},"end":{"line":36,"column":1}},"line":33},"4":{"name":"getFirst","decl":{"start":{"line":38,"column":22},"end":{"line":38,"column":30}},"loc":{"start":{"line":38,"column":47},"end":{"line":41,"column":1}},"line":38},"5":{"name":"makeId","decl":{"start":{"line":46,"column":16},"end":{"line":46,"column":22}},"loc":{"start":{"line":46,"column":38},"end":{"line":48,"column":1}},"line":46}},"branchMap":{"0":{"loc":{"start":{"line":16,"column":2},"end":{"line":24,"column":3}},"type":"if","locations":[{"start":{"line":16,"column":2},"end":{"line":24,"column":3}},{"start":{},"end":{}}],"line":16},"1":{"loc":{"start":{"line":46,"column":23},"end":{"line":46,"column":36}},"type":"default-arg","locations":[{"start":{"line":46,"column":32},"end":{"line":46,"column":36}}],"line":46}},"s":{"0":0,"1":0,"2":0,"3":0,"4":0,"5":0,"6":0,"7":0,"8":0,"9":0,"10":0,"11":0,"12":0,"13":0,"14":0,"15":0},"f":{"0":0,"1":0,"2":0,"3":0,"4":0,"5":0},"b":{"0":[0,0],"1":[0]}}
,"C:\\college\\Legalworkflowanddeadlinemgt\\Legalworkflow\\database\\migrations.js": {"path":"C:\\college\\Legalworkflowanddeadlinemgt\\Legalworkflow\\database\\migrations.js","statementMap":{"0":{"start":{"line":6,"column":19},"end":{"line":6,"column":20}},"1":{"start":{"line":12,"column":14},"end":{"line":12,"column":59}},"2":{"start":{"line":13,"column":23},"end":{"line":13,"column":45}},"3":{"start":{"line":15,"column":2},"end":{"line":15,"column":43}},"4":{"start":{"line":15,"column":36},"end":{"line":15,"column":43}},"5":{"start":{"line":18,"column":2},"end":{"line":71,"column":3}},"6":{"start":{"line":19,"column":4},"end":{"line":68,"column":7}},"7":{"start":{"line":70,"column":4},"end":{"line":70,"column":23}},"8":{"start":{"line":74,"column":2},"end":{"line":119,"column":3}},"9":{"start":{"line":75,"column":4},"end":{"line":108,"column":7}},"10":{"start":{"line":111,"column":4},"end":{"line":116,"column":7}},"11":{"start":{"line":118,"column":4},"end":{"line":118,"column":23}},"12":{"start":{"line":122,"column":2},"end":{"line":161,"column":3}},"13":{"start":{"line":123,"column":4},"end":{"line":148,"column":7}},"14":{"start":{"line":151,"column":4},"end":{"line":151,"column":101}},"15":{"start":{"line":151,"column":10},"end":{"line":151,"column":85}},"16":{"start":{"line":152,"column":4},"end":{"line":152,"column":98}},"17":{"start":{"line":152,"column":10},"end":{"line":152,"column":82}},"18":{"start":{"line":155,"column":4},"end":{"line":155,"column":100}},"19":{"start":{"line":155,"column":10},"end":{"line":155,"column":84}},"20":{"start":{"line":156,"column":4},"end":{"line":156,"column":97}},"21":{"start":{"line":156,"column":10},"end":{"line":156,"column":81}},"22":{"start":{"line":157,"column":4},"end":{"line":157,"column":99}},"23":{"start":{"line":157,"column":10},"end":{"line":157,"column":83}},"24":{"start":{"line":158,"column":4},"end":{"line":158,"column":139}},"25":{"start":{"line":158,"column":10},"end":{"line":158,"column":123}},"26":{"start":{"line":160,"column":4},"end":{"line":160,"column":23}},"27":{"start":{"line":164,"column":2},"end":{"line":176,"column":3}},"28":{"start":{"line":165,"column":4},"end":{"line":174,"column":7}},"29":{"start":{"line":175,"column":4},"end":{"line":175,"column":23}},"30":{"start":{"line":179,"column":2},"end":{"line":231,"column":3}},"31":{"start":{"line":180,"column":16},"end":{"line":180,"column":40}},"32":{"start":{"line":181,"column":21},"end":{"line":181,"column":66}},"33":{"start":{"line":182,"column":22},"end":{"line":182,"column":67}},"34":{"start":{"line":183,"column":23},"end":{"line":183,"column":69}},"35":{"start":{"line":184,"column":25},"end":{"line":184,"column":71}},"36":{"start":{"line":186,"column":4},"end":{"line":228,"column":7}},"37":{"start":{"line":230,"column":4},"end":{"line":230,"column":23}},"38":{"start":{"line":233,"column":2},"end":{"line":233,"column":61}}},"fnMap":{"0":{"name":"migrateIfNeeded","decl":{"start":{"line":11,"column":22},"end":{"line":11,"column":37}},"loc":{"start":{"line":11,"column":42},"end":{"line":234,"column":1}},"line":11}},"branchMap":{"0":{"loc":{"start":{"line":13,"column":23},"end":{"line":13,"column":45}},"type":"binary-expr","locations":[{"start":{"line":13,"column":23},"end":{"line":13,"column":40}},{"start":{"line":13,"column":44},"end":{"line":13,"column":45}}],"line":13},"1":{"loc":{"start":{"line":15,"column":2},"end":{"line":15,"column":43}},"type":"if","locations":[{"start":{"line":15,"column":2},"end":{"line":15,"column":43}},{"start":{},"end":{}}],"line":15},"2":{"loc":{"start":{"line":18,"column":2},"end":{"line":71,"column":3}},"type":"if","locations":[{"start":{"line":18,"column":2},"end":{"line":71,"column":3}},{"start":{},"end":{}}],"line":18},"3":{"loc":{"start":{"line":74,"column":2},"end":{"line":119,"column":3}},"type":"if","locations":[{"start":{"line":74,"column":2},"end":{"line":119,"column":3}},{"start":{},"end":{}}],"line":74},"4":{"loc":{"start":{"line":122,"column":2},"end":{"line":161,"column":3}},"type":"if","locations":[{"start":{"line":122,"column":2},"end":{"line":161,"column":3}},{"start":{},"end":{}}],"line":122},"5":{"loc":{"start":{"line":164,"column":2},"end":{"line":176,"column":3}},"type":"if","locations":[{"start":{"line":164,"column":2},"end":{"line":176,"column":3}},{"start":{},"end":{}}],"line":164},"6":{"loc":{"start":{"line":179,"column":2},"end":{"line":231,"column":3}},"type":"if","locations":[{"start":{"line":179,"column":2},"end":{"line":231,"column":3}},{"start":{},"end":{}}],"line":179}},"s":{"0":0,"1":0,"2":0,"3":0,"4":0,"5":0,"6":0,"7":0,"8":0,"9":0,"10":0,"11":0,"12":0,"13":0,"14":0,"15":0,"16":0,"17":0,"18":0,"19":0,"20":0,"21":0,"22":0,"23":0,"24":0,"25":0,"26":0,"27":0,"28":0,"29":0,"30":0,"31":0,"32":0,"33":0,"34":0,"35":0,"36":0,"37":0,"38":0},"f":{"0":0},"b":{"0":[0,0],"1":[0,0],"2":[0,0],"3":[0,0],"4":[0,0],"5":[0,0],"6":[0,0]}}
,"C:\\college\\Legalworkflowanddeadlinemgt\\Legalworkflow\\screens\\ActivityLogScreen.js": {"path":"C:\\college\\Legalworkflowanddeadlinemgt\\Legalworkflow\\screens\\ActivityLogScreen.js","statementMap":{"0":{"start":{"line":7,"column":21},"end":{"line":13,"column":1}},"1":{"start":{"line":15,"column":22},"end":{"line":23,"column":1}},"2":{"start":{"line":26,"column":23},"end":{"line":26,"column":38}},"3":{"start":{"line":27,"column":31},"end":{"line":27,"column":39}},"4":{"start":{"line":28,"column":28},"end":{"line":28,"column":40}},"5":{"start":{"line":29,"column":34},"end":{"line":29,"column":48}},"6":{"start":{"line":30,"column":32},"end":{"line":30,"column":47}},"7":{"start":{"line":32,"column":4},"end":{"line":38,"column":25}},"8":{"start":{"line":33,"column":8},"end":{"line":37,"column":13}},"9":{"start":{"line":34,"column":25},"end":{"line":34,"column":50}},"10":{"start":{"line":35,"column":12},"end":{"line":35,"column":26}},"11":{"start":{"line":36,"column":12},"end":{"line":36,"column":30}},"12":{"start":{"line":40,"column":21},"end":{"line":43,"column":22}},"13":{"start":{"line":41,"column":8},"end":{"line":41,"column":42}},"14":{"start":{"line":41,"column":30},"end":{"line":41,"column":42}},"15":{"start":{"line":42,"column":8},"end":{"line":42,"column":60}},"16":{"start":{"line":42,"column":34},"end":{"line":42,"column":58}},"17":{"start":{"line":45,"column":23},"end":{"line":58,"column":5}},"18":{"start":{"line":46,"column":8},"end":{"line":46,"column":27}},"19":{"start":{"line":46,"column":17},"end":{"line":46,"column":27}},"20":{"start":{"line":47,"column":18},"end":{"line":47,"column":30}},"21":{"start":{"line":48,"column":20},"end":{"line":48,"column":30}},"22":{"start":{"line":49,"column":23},"end":{"line":49,"column":50}},"23":{"start":{"line":50,"column":25},"end":{"line":50,"column":51}},"24":{"start":{"line":51,"column":8},"end":{"line":51,"column":44}},"25":{"start":{"line":51,"column":26},"end":{"line":51,"column":44}},"26":{"start":{"line":52,"column":8},"end":{"line":52,"column":53}},"27":{"start":{"line":52,"column":27},"end":{"line":52,"column":53}},"28":{"start":{"line":53,"column":24},"end":{"line":53,"column":49}},"29":{"start":{"line":54,"column":8},"end":{"line":54,"column":51}},"30":{"start":{"line":54,"column":26},"end":{"line":54,"column":51}},"31":{"start":{"line":55,"column":25},"end":{"line":55,"column":49}},"32":{"start":{"line":56,"column":8},"end":{"line":56,"column":52}},"33":{"start":{"line":56,"column":26},"end":{"line":56,"column":52}},"34":{"start":{"line":57,"column":8},"end":{"line":57,"column":31}},"35":{"start":{"line":60,"column":4},"end":{"line":112,"column":6}},"36":{"start":{"line":63,"column":49},"end":{"line":63,"column":68}},"37":{"start":{"line":79,"column":20},"end":{"line":81,"column":39}},"38":{"start":{"line":79,"column":136},"end":{"line":79,"column":152}},"39":{"start":{"line":90,"column":44},"end":{"line":90,"column":51}},"40":{"start":{"line":93,"column":24},"end":{"line":106,"column":31}},"41":{"start":{"line":115,"column":15},"end":{"line":143,"column":2}}},"fnMap":{"0":{"name":"ActivityLogScreen","decl":{"start":{"line":25,"column":24},"end":{"line":25,"column":41}},"loc":{"start":{"line":25,"column":44},"end":{"line":113,"column":1}},"line":25},"1":{"name":"(anonymous_1)","decl":{"start":{"line":32,"column":14},"end":{"line":32,"column":15}},"loc":{"start":{"line":32,"column":20},"end":{"line":38,"column":5}},"line":32},"2":{"name":"(anonymous_2)","decl":{"start":{"line":33,"column":9},"end":{"line":33,"column":10}},"loc":{"start":{"line":33,"column":21},"end":{"line":37,"column":9}},"line":33},"3":{"name":"(anonymous_3)","decl":{"start":{"line":40,"column":29},"end":{"line":40,"column":30}},"loc":{"start":{"line":40,"column":35},"end":{"line":43,"column":5}},"line":40},"4":{"name":"(anonymous_4)","decl":{"start":{"line":42,"column":27},"end":{"line":42,"column":28}},"loc":{"start":{"line":42,"column":34},"end":{"line":42,"column":58}},"line":42},"5":{"name":"(anonymous_5)","decl":{"start":{"line":45,"column":23},"end":{"line":45,"column":24}},"loc":{"start":{"line":45,"column":31},"end":{"line":58,"column":5}},"line":45},"6":{"name":"(anonymous_6)","decl":{"start":{"line":63,"column":43},"end":{"line":63,"column":44}},"loc":{"start":{"line":63,"column":49},"end":{"line":63,"column":68}},"line":63},"7":{"name":"(anonymous_7)","decl":{"start":{"line":78,"column":22},"end":{"line":78,"column":23}},"loc":{"start":{"line":79,"column":20},"end":{"line":81,"column":39}},"line":79},"8":{"name":"(anonymous_8)","decl":{"start":{"line":79,"column":130},"end":{"line":79,"column":131}},"loc":{"start":{"line":79,"column":136},"end":{"line":79,"column":152}},"line":79},"9":{"name":"(anonymous_9)","decl":{"start":{"line":90,"column":34},"end":{"line":90,"column":35}},"loc":{"start":{"line":90,"column":44},"end":{"line":90,"column":51}},"line":90},"10":{"name":"(anonymous_10)","decl":{"start":{"line":92,"column":32},"end":{"line":92,"column":33}},"loc":{"start":{"line":93,"column":24},"end":{"line":106,"column":31}},"line":93}},"branchMap":{"0":{"loc":{"start":{"line":41,"column":8},"end":{"line":41,"column":42}},"type":"if","locations":[{"start":{"line":41,"column":8},"end":{"line":41,"column":42}},{"start":{},"end":{}}],"line":41},"1":{"loc":{"start":{"line":46,"column":8},"end":{"line":46,"column":27}},"type":"if","locations":[{"start":{"line":46,"column":8},"end":{"line":46,"column":27}},{"start":{},"end":{}}],"line":46},"2":{"loc":{"start":{"line":51,"column":8},"end":{"line":51,"column":44}},"type":"if","locations":[{"start":{"line":51,"column":8},"end":{"line":51,"column":44}},{"start":{},"end":{}}],"line":51},"3":{"loc":{"start":{"line":52,"column":8},"end":{"line":52,"column":53}},"type":"if","locations":[{"start":{"line":52,"column":8},"end":{"line":52,"column":53}},{"start":{},"end":{}}],"line":52},"4":{"loc":{"start":{"line":54,"column":8},"end":{"line":54,"column":51}},"type":"if","locations":[{"start":{"line":54,"column":8},"end":{"line":54,"column":51}},{"start":{},"end":{}}],"line":54},"5":{"loc":{"start":{"line":56,"column":8},"end":{"line":56,"column":52}},"type":"if","locations":[{"start":{"line":56,"column":8},"end":{"line":56,"column":52}},{"start":{},"end":{}}],"line":56},"6":{"loc":{"start":{"line":79,"column":77},"end":{"line":79,"column":118}},"type":"cond-expr","locations":[{"start":{"line":79,"column":96},"end":{"line":79,"column":111}},{"start":{"line":79,"column":114},"end":{"line":79,"column":118}}],"line":79},"7":{"loc":{"start":{"line":80,"column":57},"end":{"line":80,"column":102}},"type":"cond-expr","locations":[{"start":{"line":80,"column":76},"end":{"line":80,"column":95}},{"start":{"line":80,"column":98},"end":{"line":80,"column":102}}],"line":80},"8":{"loc":{"start":{"line":85,"column":13},"end":{"line":110,"column":13}},"type":"cond-expr","locations":[{"start":{"line":86,"column":16},"end":{"line":86,"column":60}},{"start":{"line":88,"column":16},"end":{"line":109,"column":18}}],"line":85},"9":{"loc":{"start":{"line":95,"column":66},"end":{"line":95,"column":104}},"type":"binary-expr","locations":[{"start":{"line":95,"column":66},"end":{"line":95,"column":96}},{"start":{"line":95,"column":100},"end":{"line":95,"column":104}}],"line":95},"10":{"loc":{"start":{"line":100,"column":90},"end":{"line":100,"column":140}},"type":"binary-expr","locations":[{"start":{"line":100,"column":90},"end":{"line":100,"column":116}},{"start":{"line":100,"column":120},"end":{"line":100,"column":140}}],"line":100},"11":{"loc":{"start":{"line":101,"column":82},"end":{"line":101,"column":132}},"type":"binary-expr","locations":[{"start":{"line":101,"column":82},"end":{"line":101,"column":108}},{"start":{"line":101,"column":112},"end":{"line":101,"column":132}}],"line":101}},"s":{"0":0,"1":0,"2":0,"3":0,"4":0,"5":0,"6":0,"7":0,"8":0,"9":0,"10":0,"11":0,"12":0,"13":0,"14":0,"15":0,"16":0,"17":0,"18":0,"19":0,"20":0,"21":0,"22":0,"23":0,"24":0,"25":0,"26":0,"27":0,"28":0,"29":0,"30":0,"31":0,"32":0,"33":0,"34":0,"35":0,"36":0,"37":0,"38":0,"39":0,"40":0,"41":0},"f":{"0":0,"1":0,"2":0,"3":0,"4":0,"5":0,"6":0,"7":0,"8":0,"9":0,"10":0},"b":{"0":[0,0],"1":[0,0],"2":[0,0],"3":[0,0],"4":[0,0],"5":[0,0],"6":[0,0],"7":[0,0],"8":[0,0],"9":[0,0],"10":[0,0],"11":[0,0]}}
,"C:\\college\\Legalworkflowanddeadlinemgt\\Legalworkflow\\screens\\AddCaseScreen.js": {"path":"C:\\college\\Legalworkflowanddeadlinemgt\\Legalworkflow\\screens\\AddCaseScreen.js","statementMap":{"0":{"start":{"line":7,"column":19},"end":{"line":7,"column":44}},"1":{"start":{"line":8,"column":17},"end":{"line":8,"column":73}},"2":{"start":{"line":11,"column":21},"end":{"line":11,"column":36}},"3":{"start":{"line":12,"column":16},"end":{"line":12,"column":26}},"4":{"start":{"line":13,"column":21},"end":{"line":13,"column":49}},"5":{"start":{"line":15,"column":53},"end":{"line":15,"column":61}},"6":{"start":{"line":16,"column":19},"end":{"line":16,"column":101}},"7":{"start":{"line":16,"column":33},"end":{"line":16,"column":79}},"8":{"start":{"line":16,"column":51},"end":{"line":16,"column":70}},"9":{"start":{"line":18,"column":36},"end":{"line":18,"column":72}},"10":{"start":{"line":19,"column":36},"end":{"line":19,"column":72}},"11":{"start":{"line":20,"column":34},"end":{"line":20,"column":69}},"12":{"start":{"line":21,"column":38},"end":{"line":21,"column":75}},"13":{"start":{"line":22,"column":40},"end":{"line":22,"column":83}},"14":{"start":{"line":23,"column":34},"end":{"line":23,"column":73}},"15":{"start":{"line":24,"column":34},"end":{"line":24,"column":74}},"16":{"start":{"line":25,"column":30},"end":{"line":25,"column":66}},"17":{"start":{"line":26,"column":28},"end":{"line":26,"column":59}},"18":{"start":{"line":27,"column":30},"end":{"line":27,"column":45}},"19":{"start":{"line":29,"column":21},"end":{"line":53,"column":3}},"20":{"start":{"line":30,"column":4},"end":{"line":30,"column":34}},"21":{"start":{"line":30,"column":27},"end":{"line":30,"column":34}},"22":{"start":{"line":31,"column":4},"end":{"line":31,"column":20}},"23":{"start":{"line":32,"column":4},"end":{"line":52,"column":5}},"24":{"start":{"line":33,"column":22},"end":{"line":43,"column":7}},"25":{"start":{"line":44,"column":6},"end":{"line":48,"column":7}},"26":{"start":{"line":45,"column":8},"end":{"line":45,"column":47}},"27":{"start":{"line":47,"column":8},"end":{"line":47,"column":34}},"28":{"start":{"line":49,"column":6},"end":{"line":49,"column":26}},"29":{"start":{"line":51,"column":6},"end":{"line":51,"column":23}},"30":{"start":{"line":55,"column":2},"end":{"line":135,"column":4}},"31":{"start":{"line":58,"column":41},"end":{"line":58,"column":60}},"32":{"start":{"line":76,"column":27},"end":{"line":76,"column":42}},"33":{"start":{"line":81,"column":12},"end":{"line":89,"column":31}},"34":{"start":{"line":84,"column":29},"end":{"line":84,"column":46}},"35":{"start":{"line":106,"column":12},"end":{"line":108,"column":31}},"36":{"start":{"line":106,"column":114},"end":{"line":106,"column":128}},"37":{"start":{"line":115,"column":12},"end":{"line":117,"column":31}},"38":{"start":{"line":115,"column":112},"end":{"line":115,"column":124}},"39":{"start":{"line":138,"column":15},"end":{"line":166,"column":2}}},"fnMap":{"0":{"name":"AddCaseScreen","decl":{"start":{"line":10,"column":24},"end":{"line":10,"column":37}},"loc":{"start":{"line":10,"column":40},"end":{"line":136,"column":1}},"line":10},"1":{"name":"(anonymous_1)","decl":{"start":{"line":16,"column":27},"end":{"line":16,"column":28}},"loc":{"start":{"line":16,"column":33},"end":{"line":16,"column":79}},"line":16},"2":{"name":"(anonymous_2)","decl":{"start":{"line":16,"column":44},"end":{"line":16,"column":45}},"loc":{"start":{"line":16,"column":51},"end":{"line":16,"column":70}},"line":16},"3":{"name":"(anonymous_3)","decl":{"start":{"line":29,"column":21},"end":{"line":29,"column":22}},"loc":{"start":{"line":29,"column":33},"end":{"line":53,"column":3}},"line":29},"4":{"name":"(anonymous_4)","decl":{"start":{"line":58,"column":35},"end":{"line":58,"column":36}},"loc":{"start":{"line":58,"column":41},"end":{"line":58,"column":60}},"line":58},"5":{"name":"(anonymous_5)","decl":{"start":{"line":76,"column":21},"end":{"line":76,"column":22}},"loc":{"start":{"line":76,"column":27},"end":{"line":76,"column":42}},"line":76},"6":{"name":"(anonymous_6)","decl":{"start":{"line":80,"column":23},"end":{"line":80,"column":24}},"loc":{"start":{"line":81,"column":12},"end":{"line":89,"column":31}},"line":81},"7":{"name":"(anonymous_7)","decl":{"start":{"line":84,"column":23},"end":{"line":84,"column":24}},"loc":{"start":{"line":84,"column":29},"end":{"line":84,"column":46}},"line":84},"8":{"name":"(anonymous_8)","decl":{"start":{"line":105,"column":26},"end":{"line":105,"column":27}},"loc":{"start":{"line":106,"column":12},"end":{"line":108,"column":31}},"line":106},"9":{"name":"(anonymous_9)","decl":{"start":{"line":106,"column":108},"end":{"line":106,"column":109}},"loc":{"start":{"line":106,"column":114},"end":{"line":106,"column":128}},"line":106},"10":{"name":"(anonymous_10)","decl":{"start":{"line":114,"column":24},"end":{"line":114,"column":25}},"loc":{"start":{"line":115,"column":12},"end":{"line":117,"column":31}},"line":115},"11":{"name":"(anonymous_11)","decl":{"start":{"line":115,"column":106},"end":{"line":115,"column":107}},"loc":{"start":{"line":115,"column":112},"end":{"line":115,"column":124}},"line":115}},"branchMap":{"0":{"loc":{"start":{"line":13,"column":21},"end":{"line":13,"column":49}},"type":"binary-expr","locations":[{"start":{"line":13,"column":21},"end":{"line":13,"column":41}},{"start":{"line":13,"column":45},"end":{"line":13,"column":49}}],"line":13},"1":{"loc":{"start":{"line":16,"column":33},"end":{"line":16,"column":79}},"type":"binary-expr","locations":[{"start":{"line":16,"column":33},"end":{"line":16,"column":71}},{"start":{"line":16,"column":75},"end":{"line":16,"column":79}}],"line":16},"2":{"loc":{"start":{"line":18,"column":45},"end":{"line":18,"column":71}},"type":"binary-expr","locations":[{"start":{"line":18,"column":45},"end":{"line":18,"column":65}},{"start":{"line":18,"column":69},"end":{"line":18,"column":71}}],"line":18},"3":{"loc":{"start":{"line":19,"column":45},"end":{"line":19,"column":71}},"type":"binary-expr","locations":[{"start":{"line":19,"column":45},"end":{"line":19,"column":65}},{"start":{"line":19,"column":69},"end":{"line":19,"column":71}}],"line":19},"4":{"loc":{"start":{"line":20,"column":43},"end":{"line":20,"column":68}},"type":"binary-expr","locations":[{"start":{"line":20,"column":43},"end":{"line":20,"column":62}},{"start":{"line":20,"column":66},"end":{"line":20,"column":68}}],"line":20},"5":{"loc":{"start":{"line":21,"column":47},"end":{"line":21,"column":74}},"type":"binary-exp
[...]
":53,"column":64}},"type":"binary-expr","locations":[{"start":{"line":53,"column":45},"end":{"line":53,"column":56}},{"start":{"line":53,"column":60},"end":{"line":53,"column":64}}],"line":53},"11":{"loc":{"start":{"line":63,"column":10},"end":{"line":63,"column":21}},"type":"binary-expr","locations":[{"start":{"line":63,"column":10},"end":{"line":63,"column":15}},{"start":{"line":63,"column":19},"end":{"line":63,"column":21}}],"line":63},"12":{"loc":{"start":{"line":64,"column":20},"end":{"line":64,"column":38}},"type":"binary-expr","locations":[{"start":{"line":64,"column":20},"end":{"line":64,"column":28}},{"start":{"line":64,"column":32},"end":{"line":64,"column":38}}],"line":64},"13":{"loc":{"start":{"line":67,"column":19},"end":{"line":67,"column":50}},"type":"cond-expr","locations":[{"start":{"line":67,"column":25},"end":{"line":67,"column":43}},{"start":{"line":67,"column":46},"end":{"line":67,"column":50}}],"line":67},"14":{"loc":{"start":{"line":80,"column":10},"end":{"line":80,"column":21}},"type":"binary-expr","locations":[{"start":{"line":80,"column":10},"end":{"line":80,"column":15}},{"start":{"line":80,"column":19},"end":{"line":80,"column":21}}],"line":80},"15":{"loc":{"start":{"line":81,"column":20},"end":{"line":81,"column":38}},"type":"binary-expr","locations":[{"start":{"line":81,"column":20},"end":{"line":81,"column":28}},{"start":{"line":81,"column":32},"end":{"line":81,"column":38}}],"line":81},"16":{"loc":{"start":{"line":84,"column":19},"end":{"line":84,"column":50}},"type":"cond-expr","locations":[{"start":{"line":84,"column":25},"end":{"line":84,"column":43}},{"start":{"line":84,"column":46},"end":{"line":84,"column":50}}],"line":84},"17":{"loc":{"start":{"line":87,"column":19},"end":{"line":87,"column":79}},"type":"binary-expr","locations":[{"start":{"line":87,"column":19},"end":{"line":87,"column":39}},{"start":{"line":87,"column":43},"end":{"line":87,"column":59}},{"start":{"line":87,"column":63},"end":{"line":87,"column":79}}],"line":87},"18":{"loc":{"start":{"line":88,"column":21},"end":{"line":88,"column":40}},"type":"binary-expr","locations":[{"start":{"line":88,"column":21},"end":{"line":88,"column":32}},{"start":{"line":88,"column":36},"end":{"line":88,"column":40}}],"line":88},"19":{"loc":{"start":{"line":88,"column":45},"end":{"line":88,"column":64}},"type":"binary-expr","locations":[{"start":{"line":88,"column":45},"end":{"line":88,"column":56}},{"start":{"line":88,"column":60},"end":{"line":88,"column":64}}],"line":88},"20":{"loc":{"start":{"line":98,"column":10},"end":{"line":98,"column":21}},"type":"binary-expr","locations":[{"start":{"line":98,"column":10},"end":{"line":98,"column":15}},{"start":{"line":98,"column":19},"end":{"line":98,"column":21}}],"line":98},"21":{"loc":{"start":{"line":99,"column":20},"end":{"line":99,"column":38}},"type":"binary-expr","locations":[{"start":{"line":99,"column":20},"end":{"line":99,"column":28}},{"start":{"line":99,"column":32},"end":{"line":99,"column":38}}],"line":99},"22":{"loc":{"start":{"line":102,"column":19},"end":{"line":102,"column":50}},"type":"cond-expr","locations":[{"start":{"line":102,"column":25},"end":{"line":102,"column":43}},{"start":{"line":102,"column":46},"end":{"line":102,"column":50}}],"line":102},"23":{"loc":{"start":{"line":105,"column":19},"end":{"line":105,"column":58}},"type":"binary-expr","locations":[{"start":{"line":105,"column":19},"end":{"line":105,"column":39}},{"start":{"line":105,"column":43},"end":{"line":105,"column":58}}],"line":105},"24":{"loc":{"start":{"line":106,"column":21},"end":{"line":106,"column":40}},"type":"binary-expr","locations":[{"start":{"line":106,"column":21},"end":{"line":106,"column":32}},{"start":{"line":106,"column":36},"end":{"line":106,"column":40}}],"line":106},"25":{"loc":{"start":{"line":106,"column":45},"end":{"line":106,"column":64}},"type":"binary-expr","locations":[{"start":{"line":106,"column":45},"end":{"line":106,"column":56}},{"start":{"line":106,"column":60},"end":{"line":106,"column":64}}],"line":106},"26":{"loc":{"start":{"line":114,"column":18},"end":{"line":114,"column":40}},"type":"binary-expr","locations":[{"start":{"line":114,"column":18},"end":{"line":114,"column":34}},{"start":{"line":114,"column":38},"end":{"line":114,"column":40}}],"line":114},"27":{"loc":{"start":{"line":116,"column":4},"end":{"line":116,"column":21}},"type":"if","locations":[{"start":{"line":116,"column":4},"end":{"line":116,"column":21}},{"start":{},"end":{}}],"line":116},"28":{"loc":{"start":{"line":118,"column":18},"end":{"line":118,"column":35}},"type":"binary-expr","locations":[{"start":{"line":118,"column":18},"end":{"line":118,"column":29}},{"start":{"line":118,"column":33},"end":{"line":118,"column":35}}],"line":118}},"s":{"0":0,"1":0,"2":0,"3":0,"4":0,"5":0,"6":0,"7":0,"8":0,"9":0,"10":0,"11":0,"12":0,"13":0,"14":0,"15":0,"16":0,"17":0,"18":0,"19":0,"20":0,"21":0,"22":0,"23":0,"24":0,"25":0,"26":0,"27":0,"28":0,"29":0,"30":0,"31":0,"32":0,"33":0,"34":0,"35":0,"36":0,"37":0,"38":0,"39":0,"40":0,"41":0,"42":0,"43":0,"44":0,"45":0,"46":0,"47":0,"48":0,"49":0,"50":0,"51":0,"52":0},"f":{"0":0,"1":0,"2":0,"3":0,"4":0,"5":0,"6":0,"7":0,"8":0,"9":0,"10":0,"11":0,"12":0,"13":0,"14":0,"15":0,"16":0,"17":0,"18":0,"19":0,"20":0,"21":0,"22":0,"23":0},"b":{"0":[0,0],"1":[0,0],"2":[0,0,0],"3":[0,0],"4":[0,0],"5":[0,0],"6":[0,0],"7":[0,0],"8":[0,0],"9":[0,0],"10":[0,0],"11":[0,0],"12":[0,0],"13":[0,0],"14":[0,0],"15":[0,0],"16":[0,0],"17":[0,0,0],"18":[0,0],"19":[0,0],"20":[0,0],"21":[0,0],"22":[0,0],"23":[0,0],"24":[0,0],"25":[0,0],"26":[0,0],"27":[0,0],"28":[0,0]}}
,"C:\\college\\Legalworkflowanddeadlinemgt\\Legalworkflow\\utils\\helpers.js": {"path":"C:\\college\\Legalworkflowanddeadlinemgt\\Legalworkflow\\utils\\helpers.js","statementMap":{"0":{"start":{"line":10,"column":26},"end":{"line":20,"column":1}},"1":{"start":{"line":11,"column":2},"end":{"line":11,"column":23}},"2":{"start":{"line":11,"column":13},"end":{"line":11,"column":23}},"3":{"start":{"line":12,"column":12},"end":{"line":12,"column":60}},"4":{"start":{"line":13,"column":2},"end":{"line":19,"column":5}},"5":{"start":{"line":28,"column":28},"end":{"line":32,"column":1}},"6":{"start":{"line":29,"column":2},"end":{"line":29,"column":51}},"7":{"start":{"line":29,"column":41},"end":{"line":29,"column":51}},"8":{"start":{"line":30,"column":2},"end":{"line":30,"column":44}},"9":{"start":{"line":30,"column":32},"end":{"line":30,"column":44}},"10":{"start":{"line":31,"column":2},"end":{"line":31,"column":49}},"11":{"start":{"line":38,"column":36},"end":{"line":38,"column":66}},"12":{"start":{"line":38,"column":42},"end":{"line":38,"column":66}}},"fnMap":{"0":{"name":"(anonymous_0)","decl":{"start":{"line":10,"column":26},"end":{"line":10,"column":27}},"loc":{"start":{"line":10,"column":36},"end":{"line":20,"column":1}},"line":10},"1":{"name":"(anonymous_1)","decl":{"start":{"line":28,"column":28},"end":{"line":28,"column":29}},"loc":{"start":{"line":28,"column":54},"end":{"line":32,"column":1}},"line":28},"2":{"name":"(anonymous_2)","decl":{"start":{"line":38,"column":36},"end":{"line":38,"column":37}},"loc":{"start":{"line":38,"column":42},"end":{"line":38,"column":66}},"line":38}},"branchMap":{"0":{"loc":{"start":{"line":11,"column":2},"end":{"line":11,"column":23}},"type":"if","locations":[{"start":{"line":11,"column":2},"end":{"line":11,"column":23}},{"start":{},"end":{}}],"line":11},"1":{"loc":{"start":{"line":12,"column":12},"end":{"line":12,"column":60}},"type":"cond-expr","locations":[{"start":{"line":12,"column":39},"end":{"line":12,"column":53}},{"start":{"line":12,"column":56},"end":{"line":12,"column":60}}],"line":12},"2":{"loc":{"start":{"line":28,"column":35},"end":{"line":28,"column":49}},"type":"default-arg","locations":[{"start":{"line":28,"column":47},"end":{"line":28,"column":49}}],"line":28},"3":{"loc":{"start":{"line":29,"column":2},"end":{"line":29,"column":51}},"type":"if","locations":[{"start":{"line":29,"column":2},"end":{"line":29,"column":51}},{"start":{},"end":{}}],"line":29},"4":{"loc":{"start":{"line":29,"column":6},"end":{"line":29,"column":39}},"type":"binary-expr","locations":[{"start":{"line":29,"column":6},"end":{"line":29,"column":11}},{"start":{"line":29,"column":15},"end":{"line":29,"column":39}}],"line":29},"5":{"loc":{"start":{"line":30,"column":2},"end":{"line":30,"column":44}},"type":"if","locations":[{"start":{"line":30,"column":2},"end":{"line":30,"column":44}},{"start":{},"end":{}}],"line":30}},"s":{"0":0,"1":0,"2":0,"3":0,"4":0,"5":0,"6":0,"7":0,"8":0,"9":0,"10":0,"11":0,"12":0},"f":{"0":0,"1":0,"2":0},"b":{"0":[0,0],"1":[0,0],"2":[0],"3":[0,0],"4":[0,0],"5":[0,0]}}
,"C:\\college\\Legalworkflowanddeadlinemgt\\Legalworkflow\\utils\\notifications.js": {"path":"C:\\college\\Legalworkflowanddeadlinemgt\\Legalworkflow\\utils\\notifications.js","statementMap":{"0":{"start":{"line":8,"column":24},"end":{"line":8,"column":42}},"1":{"start":{"line":10,"column":0},"end":{"line":16,"column":3}},"2":{"start":{"line":11,"column":35},"end":{"line":15,"column":3}},"3":{"start":{"line":19,"column":31},"end":{"line":19,"column":72}},"4":{"start":{"line":20,"column":2},"end":{"line":20,"column":42}},"5":{"start":{"line":20,"column":30},"end":{"line":20,"column":42}},"6":{"start":{"line":21,"column":21},"end":{"line":21,"column":66}},"7":{"start":{"line":22,"column":2},"end":{"line":22,"column":30}},"8":{"start":{"line":26,"column":14},"end":{"line":26,"column":57}},"9":{"start":{"line":27,"column":2},"end":{"line":27,"column":22}},"10":{"start":{"line":27,"column":12},"end":{"line":27,"column":22}},"11":{"start":{"line":28,"column":2},"end":{"line":33,"column":3}},"12":{"start":{"line":29,"column":19},"end":{"line":29,"column":34}},"13":{"start":{"line":30,"column":4},"end":{"line":30,"column":62}},"14":{"start":{"line":32,"column":4},"end":{"line":32,"column":14}},"15":{"start":{"line":37,"column":2},"end":{"line":37,"column":73}},"16":{"start":{"line":44,"column":2},"end":{"line":47,"column":5}},"17":{"start":{"line":51,"column":2},"end":{"line":51,"column":30}},"18":{"start":{"line":51,"column":23},"end":{"line":51,"column":30}},"19":{"start":{"line":52,"column":2},"end":{"line":52,"column":71}},"20":{"start":{"line":59,"column":14},"end":{"line":59,"column":34}},"21":{"start":{"line":60,"column":14},"end":{"line":60,"column":31}},"22":{"start":{"line":61,"column":2},"end":{"line":63,"column":3}},"23":{"start":{"line":62,"column":4},"end":{"line":62,"column":49}},"24":{"start":{"line":64,"column":2},"end":{"line":64,"column":21}},"25":{"start":{"line":65,"column":2},"end":{"line":65,"column":26}},"26":{"start":{"line":77,"column":18},"end":{"line":77,"column":55}},"27":{"start":{"line":78,"column":2},"end":{"line":78,"column":26}},"28":{"start":{"line":78,"column":16},"end":{"line":78,"column":26}},"29":{"start":{"line":80,"column":17},"end":{"line":80,"column":67}},"30":{"start":{"line":81,"column":2},"end":{"line":81,"column":25}},"31":{"start":{"line":81,"column":15},"end":{"line":81,"column":25}},"32":{"start":{"line":82,"column":14},"end":{"line":82,"column":30}},"33":{"start":{"line":83,"column":2},"end":{"line":83,"column":45}},"34":{"start":{"line":83,"column":35},"end":{"line":83,"column":45}},"35":{"start":{"line":85,"column":19},"end":{"line":85,"column":47}},"36":{"start":{"line":87,"column":4},"end":{"line":91,"column":13}},"37":{"start":{"line":93,"column":14},"end":{"line":93,"column":24}},"38":{"start":{"line":94,"column":14},"end":{"line":94,"column":16}},"39":{"start":{"line":96,"column":2},"end":{"line":113,"column":3}},"40":{"start":{"line":97,"column":22},"end":{"line":97,"column":35}},"41":{"start":{"line":98,"column":4},"end":{"line":98,"column":56}},"42":{"start":{"line":100,"column":4},"end":{"line":100,"column":35}},"43":{"start":{"line":101,"column":4},"end":{"line":101,"column":55}},"44":{"start":{"line":101,"column":46},"end":{"line":101,"column":55}},"45":{"start":{"line":103,"column":18},"end":{"line":103,"column":117}},"46":{"start":{"line":104,"column":17},"end":{"line":104,"column":105}},"47":{"start":{"line":106,"column":20},"end":{"line":111,"column":6}},"48":{"start":{"line":112,"column":4},"end":{"line":112,"column":22}},"49":{"start":{"line":115,"column":2},"end":{"line":119,"column":3}},"50":{"start":{"line":116,"column":16},"end":{"line":116,"column":36}},"51":{"start":{"line":117,"column":4},"end":{"line":117,"column":26}},"52":{"start":{"line":118,"column":4},"end":{"line":118,"column":28}},"53":{"start":{"line":121,"column":2},"end":{"line":121,"column":13}}},"fnMap":{"0":{"name":"(anonymous_0)","decl":{"start":{"line":11,"column":22},"end":{"line":11,"column":23}},"loc":{"start":{"line":11,"column":35},"end":{"line":15,"column":3}},"line":11},"1":{"name":"requestNotificationPermission","decl":{"start":{"line":18,"column":22},"end":{"line":18,"column":51}},"loc":{"start":{"line":18,"column":54},"end":{"line":23,"column":1}},"line":18},"2":{"name":"getAlertsMap","decl":{"start":{"line":25,"column":15},"end":{"line":25,"column":27}},"loc":{"start":{"line":25,"column":30},"end":{"line":34,"column":1}},"line":25},"3":{"name":"setAlertsMap","decl":{"start":{"line":36,"column":15},"end":{"line":36,"column":27}},"loc":{"start":{"line":36,"column":33},"end":{"line":38,"column":1}},"line":36},"4":{"name":"scheduleNotification","decl":{"start":{"line":43,"column":22},"end":{"line":43,"column":42}},"loc":{"start":{"line":43,"column":72},"end":{"line":48,"column":1}},"line":43},"5":{"name":"cancelNotification","decl":{"start":{"line":50,"column":22},"end":{"line":50,"column":40}},"loc":{"start":{"line":50,"column":57},"end":{"line":53,"column":1}},"line":50},"6":{"name":"cancelCaseAlerts","decl":{"start":{"line":58,"column":22},"end":{"line":58,"column":38}},"loc":{"start":{"line":58,"column":47},"end":{"line":66,"column":1}},"line":58},"7":{"name":"(anonymous_7)","decl":{"start":{"line":62,"column":39},"end":{"line":62,"column":40}},"loc":{"start":{"line":62,"column":45},"end":{"line":62,"column":47}},"line":62},"8":{"name":"scheduleCaseAlerts","decl":{"start":{"line":76,"column":22},"end":{"line":76,"column":40}},"loc":{"start":{"line":76,"column":50},"end":{"line":122,"column":1}},"line":76}},"branchMap":{"0":{"loc":{"start":{"line":20,"column":2},"end":{"line":20,"column":42}},"type":"if","locations":[{"start":{"line":20,"column":2},"end":{"line":20,"column":42}},{"start":{},"end":{}}],"line":20},"1":{"loc":{"start":{"line":27,"column":2},"end":{"line":27,"column":22}},"type":"if","locations":[{"start":{"line":27,"column":2},"end":{"line":27,"column":22}},{"start":{},"end":{}}],"line":27},"2":{"loc":{"start":{"line":30,"column":11},"end":{"line":30,"column":61}},"type":"cond-expr","locations":[{"start":{"line":30,"column":50},"end":{"line":30,"column":56}},{"start":{"line":30,"column":59},"end":{"line":30,"column":61}}],"line":30},"3":{"loc":{"start":{"line":30,"column":11},"end":{"line":30,"column":47}},"type":"binary-expr","locations":[{"start":{"line":30,"column":11},"end":{"line":30,"column":17}},{"start":{"line":30,"column":21},"end":{"line":30,"column":47}}],"line":30},"4":{"loc":{"start":{"line":37,"column":61},"end":{"line":37,"column":70}},"type":"binary-expr","locations":[{"start":{"line":37,"column":61},"end":{"line":37,"column":64}},{"start":{"line":37,"column":68},"end":{"line":37,"column":70}}],"line":37},"5":{"loc":{"start":{"line":45,"column":34},"end":{"line":45,"column":44}},"type":"binary-expr","locations":[{"start":{"line":45,"column":34},"end":{"line":45,"column":38}},{"start":{"line":45,"column":42},"end":{"line":45,"column":44}}],"line":45},"6":{"loc":{"start":{"line":46,"column":13},"end":{"line":46,"column":35}},"type":"cond-expr","locations":[{"start":{"line":46,"column":20},"end":{"line":46,"column":28}},{"start":{"line":46,"column":31},"end":{"line":46,"column":35}}],"line":46},"7":{"loc":{"start":{"line":51,"column":2},"end":{"line":51,"column":30}},"type":"if","locations":[{"start":{"line":51,"column":2},"end":{"line":51,"column":30}},{"start":{},"end":{}}],"line":51},"8":{"loc":{"start":{"line":60,"column":14},"end":{"line":60,"column":31}},"type":"binary-expr","locations":[{"start":{"line":60,"column":14},"end":{"line":60,"column":25}},{"start":{"line":60,"column":29},"end":{"line":60,"column":31}}],"line":60},"9":{"loc":{"start":{"line":78,"column":2},"end":{"line":78,"column":26}},"type":"if","locations":[{"start":{"line":78,"column":2},"end":{"line":78,"column":26}},{"start":{},"end":{}}],"line":78},"10":{"loc":{"start":{"line":80,"column":17},"end":{"line":80,"column":67}},"type":"binary-expr","locations":[{"start":{"line":80,"column":17},"end":{"line":80,"column":38}},{"start":{"line":80,"column":42},"end":{"line":80,"column":67}}],"line":80},"11":{"loc":{"start":{"line":81,"column":2},"end":{"line":81,"column":25}},"type":"if","locations":[{"start":{"line":81,"column":2},"end":{"line":81,"column":25}},{"start":{},"end":{}}],"line":81},"12":{"loc":{"start":{"line":83,"column":2},"end":{"line":83,"column":45}},"type":"if","locations":[{"start":{"line":83,"column":2},"end":{"line":83,"column":45}},{"start":{},"end":{}}],"line":83},"13":{"loc":{"start":{"line":85,"column":19},"end":{"line":85,"column":47}},"type":"binary-expr","locations":[{"start":{"line":85,"column":19},"end":{"line":85,"column":35}},{"start":{"line":85,"column":39},"end":{"line":85,"column":47}}],"line":85},"14":{"loc":{"start":{"line":87,"column":4},"end":{"line":91,"column":13}},"type":"cond-expr","locations":[{"start":{"line":88,"column":8},"end":{"line":88,"column":17}},{"start":{"line":89,"column":8},"end":{"line":91,"column":13}}],"line":87},"15":{"loc":{"start":{"line":89,"column":8},"end":{"line":91,"column":13}},"type":"cond-expr","locations":[{"start":{"line":90,"column":10},"end":{"line":90,"column":16}},{"start":{"line":91,"column":10},"end":{"line":91,"column":13}}],"line":89},"16":{"loc":{"start":{"line":101,"column":4},"end":{"line":101,"column":55}},"type":"if","locations":[{"start":{"line":101,"column":4},"end":{"line":101,"column":55}},{"start":{},"end":{}}],"line":101},"17":{"loc":{"start":{"line":103,"column":18},"end":{"line":103,"column":117}},"type":"cond-expr","locations":[{"start":{"line":103,"column":37},"end":{"line":103,"column":53}},{"start":{"line":103,"column":56},"end":{"line":103,"column":117}}],"line":103},"18":{"loc":{"start":{"line":103,"column":88},"end":{"line":103,"column":115}},"type":"cond-expr","locations":[{"start":{"line":103,"column":107},"end":{"line":103,"column":109}},{"start":{"line":103,"column":112},"end":{"line":103,"column":115}}],"line":103},"19":{"loc":{"start":{"line":104,"column":20},"end":{"line":104,"column":48}},"type":"binary-expr","locations":[{"start":{"line":104,"column":20},"end":{"line":104,"column":38}},{"start":{"line":104,"column":42},"end":{"line":104,"column":48}}],"line":104},"20":{"loc":{"start":{"line":104,"column":51},"end":{"line":104,"column":103}},"type":"cond-expr","locations":[{"start":{"line":104,"column":72},"end":{"line":104,"column":98}},{"start":{"line":104,"column":101},"end":{"line":104,"column":103}}],"line":104},"21":{"loc":{"start":{"line":115,"column":2},"end":{"line":119,"column":3}},"type":"if","locations":[{"start":{"line":115,"column":2},"end":{"line":119,"column":3}},{"start":{},"end":{}}],"line":115}},"s":{"0":0,"1":0,"2":0,"3":0,"4":0,"5":0,"6":0,"7":0,"8":0,"9":0,"10":0,"11":0,"12":0,"13":0,"14":0,"15":0,"16":0,"17":0,"18":0,"19":0,"20":0,"21":0,"22":0,"23":0,"24":0,"25":0,"26":0,"27":0,"28":0,"29":0,"30":0,"31":0,"32":0,"33":0,"34":0,"35":0,"36":0,"37":0,"38":0,"39":0,"40":0,"41":0,"42":0,"43":0,"44":0,"45":0,"46":0,"47":0,"48":0,"49":0,"50":0,"51":0,"52":0,"53":0},"f":{"0":0,"1":0,"2":0,"3":0,"4":0,"5":0,"6":0,"7":0,"8":0},"b":{"0":[0,0],"1":[0,0],"2":[0,0],"3":[0,0],"4":[0,0],"5":[0,0],"6":[0,0],"7":[0,0],"8":[0,0],"9":[0,0],"10":[0,0],"11":[0,0],"12":[0,0],"13":[0,0],"14":[0,0],"15":[0,0],"16":[0,0],"17":[0,0],"18":[0,0],"19":[0,0],"20":[0,0],"21":[0,0]}}
}
